[ 2016-04-09T16:03:49+08:00 ] ::1 /3.29/index.php/
INFO: [ app_init ] --START--
INFO: Run Behavior\BuildLiteBehavior [ RunTime:0.000000s ]
INFO: [ app_init ] --END-- [ RunTime:0.082004s ]
INFO: [ app_begin ] --START--
INFO: Run Behavior\ReadHtmlCacheBehavior [ RunTime:0.040002s ]
INFO: [ app_begin ] --END-- [ RunTime:0.040002s ]
SQL: SHOW COLUMNS FROM `cat` [ RunTime:0.4200s ]
SQL: SELECT * FROM `cat`  [ RunTime:0.0140s ]
SQL: SHOW COLUMNS FROM `goods` [ RunTime:0.1050s ]
SQL: SELECT * FROM `goods` WHERE `is_hot` = 1 ORDER BY goods_id desc LIMIT 0,3   [ RunTime:0.0430s ]
INFO: [ view_parse ] --START--
INFO: [ template_filter ] --START--
INFO: Run Behavior\ContentReplaceBehavior [ RunTime:0.050003s ]
INFO: [ template_filter ] --END-- [ RunTime:0.050003s ]
NOTIC: [8] Use of undefined constant goods_id - assumed 'goods_id' D:\xampp\htdocs\3.29\Runtime\Cache\Home\2f412aae274b751dca883838bf7e7502.php 第 358 行.
NOTIC: [8] Use of undefined constant goods_id - assumed 'goods_id' D:\xampp\htdocs\3.29\Runtime\Cache\Home\2f412aae274b751dca883838bf7e7502.php 第 358 行.
NOTIC: [8] Use of undefined constant goods_id - assumed 'goods_id' D:\xampp\htdocs\3.29\Runtime\Cache\Home\2f412aae274b751dca883838bf7e7502.php 第 358 行.
INFO: Run Behavior\ParseTemplateBehavior [ RunTime:0.341020s ]
INFO: [ view_parse ] --END-- [ RunTime:0.342020s ]
INFO: [ view_filter ] --START--
INFO: Run Behavior\WriteHtmlCacheBehavior [ RunTime:0.019001s ]
INFO: [ view_filter ] --END-- [ RunTime:0.019001s ]
INFO: [ app_end ] --START--
INFO: Run Behavior\ShowPageTraceBehavior [ RunTime:0.084005s ]
INFO: [ app_end ] --END-- [ RunTime:0.084005s ]

