[ 2016-05-22T16:57:04+08:00 ] ::1 /3.29/index.php/home/index/index
INFO: [ app_init ] --START--
INFO: Run Behavior\BuildLiteBehavior [ RunTime:0.000000s ]
INFO: [ app_init ] --END-- [ RunTime:0.001000s ]
INFO: [ app_begin ] --START--
INFO: Run Behavior\ReadHtmlCacheBehavior [ RunTime:0.001000s ]
INFO: [ app_begin ] --END-- [ RunTime:0.002000s ]
SQL: SHOW COLUMNS FROM `cat` [ RunTime:0.0040s ]
SQL: SELECT * FROM `cat`  [ RunTime:0.0010s ]
SQL: SHOW COLUMNS FROM `goods` [ RunTime:0.0040s ]
SQL: SELECT * FROM `goods` WHERE `is_hot` = 1 ORDER BY goods_id desc LIMIT 0,3   [ RunTime:0.0950s ]
INFO: [ view_parse ] --START--
INFO: [ template_filter ] --START--
INFO: Run Behavior\ContentReplaceBehavior [ RunTime:0.000000s ]
INFO: [ template_filter ] --END-- [ RunTime:0.000000s ]
NOTIC: [8] Use of undefined constant goods_id - assumed 'goods_id' D:\xampp\htdocs\3.29\Runtime\Cache\Home\2f412aae274b751dca883838bf7e7502.php 第 358 行.
NOTIC: [8] Use of undefined constant goods_id - assumed 'goods_id' D:\xampp\htdocs\3.29\Runtime\Cache\Home\2f412aae274b751dca883838bf7e7502.php 第 358 行.
NOTIC: [8] Use of undefined constant goods_id - assumed 'goods_id' D:\xampp\htdocs\3.29\Runtime\Cache\Home\2f412aae274b751dca883838bf7e7502.php 第 358 行.
INFO: Run Behavior\ParseTemplateBehavior [ RunTime:0.100006s ]
INFO: [ view_parse ] --END-- [ RunTime:0.100006s ]
INFO: [ view_filter ] --START--
INFO: Run Behavior\WriteHtmlCacheBehavior [ RunTime:0.001000s ]
INFO: [ view_filter ] --END-- [ RunTime:0.001000s ]
INFO: [ app_end ] --START--
INFO: Run Behavior\ShowPageTraceBehavior [ RunTime:0.002000s ]
INFO: [ app_end ] --END-- [ RunTime:0.002000s ]

[ 2016-05-22T16:57:05+08:00 ] ::1 /3.29/index.php/home/index/animated_favicon.gif
INFO: [ app_init ] --START--
INFO: Run Behavior\BuildLiteBehavior [ RunTime:0.000000s ]
INFO: [ app_init ] --END-- [ RunTime:0.000000s ]

[ 2016-05-22T16:57:05+08:00 ] ::1 /3.29/index.php/home/index/favicon.ico
INFO: [ app_init ] --START--
INFO: Run Behavior\BuildLiteBehavior [ RunTime:0.000000s ]
INFO: [ app_init ] --END-- [ RunTime:0.001000s ]

[ 2016-05-22T16:57:09+08:00 ] ::1 /3.29/index.php/Home/goods/category/id/2.html
INFO: [ app_init ] --START--
INFO: Run Behavior\BuildLiteBehavior [ RunTime:0.000000s ]
INFO: [ app_init ] --END-- [ RunTime:0.000000s ]
INFO: [ app_begin ] --START--
INFO: Run Behavior\ReadHtmlCacheBehavior [ RunTime:0.001001s ]
INFO: [ app_begin ] --END-- [ RunTime:0.001001s ]
SQL: SHOW COLUMNS FROM `goods` [ RunTime:0.0250s ]
SQL: SELECT * FROM `goods` WHERE ( cat_id=2 )  [ RunTime:0.0100s ]
SQL: SELECT * FROM `goods` WHERE ( cat_id=2 ) ORDER BY goods_id desc LIMIT 0,3   [ RunTime:0.0010s ]
NOTIC: [2] array_reverse() expects parameter 1 to be array, null given D:\xampp\htdocs\3.29\Home\Controller\GoodsController.class.php 第 27 行.
INFO: [ view_parse ] --START--
INFO: [ template_filter ] --START--
INFO: Run Behavior\ContentReplaceBehavior [ RunTime:0.000000s ]
INFO: [ template_filter ] --END-- [ RunTime:0.000000s ]
INFO: Run Behavior\ParseTemplateBehavior [ RunTime:0.051003s ]
INFO: [ view_parse ] --END-- [ RunTime:0.051003s ]
INFO: [ view_filter ] --START--
INFO: Run Behavior\WriteHtmlCacheBehavior [ RunTime:0.000000s ]
INFO: [ view_filter ] --END-- [ RunTime:0.001000s ]
INFO: [ app_end ] --START--
INFO: Run Behavior\ShowPageTraceBehavior [ RunTime:0.001000s ]
INFO: [ app_end ] --END-- [ RunTime:0.001000s ]

[ 2016-05-22T16:57:09+08:00 ] ::1 /3.29/index.php/Home/goods/category/id/animated_favicon.gif
INFO: [ app_init ] --START--
INFO: Run Behavior\BuildLiteBehavior [ RunTime:0.001000s ]
INFO: [ app_init ] --END-- [ RunTime:0.001000s ]

[ 2016-05-22T16:57:09+08:00 ] ::1 /3.29/index.php/Home/goods/category/id/favicon.ico
INFO: [ app_init ] --START--
INFO: Run Behavior\BuildLiteBehavior [ RunTime:0.000000s ]
INFO: [ app_init ] --END-- [ RunTime:0.001000s ]

[ 2016-05-22T16:57:17+08:00 ] ::1 /3.29/index.php/Home/goods/category/id/3.html
INFO: [ app_init ] --START--
INFO: Run Behavior\BuildLiteBehavior [ RunTime:0.000000s ]
INFO: [ app_init ] --END-- [ RunTime:0.001000s ]
INFO: [ app_begin ] --START--
INFO: Run Behavior\ReadHtmlCacheBehavior [ RunTime:0.001000s ]
INFO: [ app_begin ] --END-- [ RunTime:0.002000s ]
SQL: SHOW COLUMNS FROM `goods` [ RunTime:0.0040s ]
SQL: SELECT * FROM `goods` WHERE ( cat_id=3 )  [ RunTime:0.0010s ]
SQL: SELECT * FROM `goods` WHERE ( cat_id=3 ) ORDER BY goods_id desc LIMIT 0,3   [ RunTime:0.0020s ]
NOTIC: [2] array_reverse() expects parameter 1 to be array, null given D:\xampp\htdocs\3.29\Home\Controller\GoodsController.class.php 第 27 行.
INFO: [ view_parse ] --START--
INFO: [ template_filter ] --START--
INFO: Run Behavior\ContentReplaceBehavior [ RunTime:0.001000s ]
INFO: [ template_filter ] --END-- [ RunTime:0.001000s ]
INFO: Run Behavior\ParseTemplateBehavior [ RunTime:0.023001s ]
INFO: [ view_parse ] --END-- [ RunTime:0.023001s ]
INFO: [ view_filter ] --START--
INFO: Run Behavior\WriteHtmlCacheBehavior [ RunTime:0.001000s ]
INFO: [ view_filter ] --END-- [ RunTime:0.001000s ]
INFO: [ app_end ] --START--
INFO: Run Behavior\ShowPageTraceBehavior [ RunTime:0.005000s ]
INFO: [ app_end ] --END-- [ RunTime:0.005000s ]

[ 2016-05-22T17:00:12+08:00 ] ::1 /3.29/index.php/Home/goods/category/id/3.html
INFO: [ app_init ] --START--
INFO: Run Behavior\BuildLiteBehavior [ RunTime:0.000000s ]
INFO: [ app_init ] --END-- [ RunTime:0.001000s ]
INFO: [ app_begin ] --START--
INFO: Run Behavior\ReadHtmlCacheBehavior [ RunTime:0.001000s ]
INFO: [ app_begin ] --END-- [ RunTime:0.001000s ]
SQL: SHOW COLUMNS FROM `goods` [ RunTime:0.0130s ]
SQL: SELECT * FROM `goods` WHERE ( cat_id=3 )  [ RunTime:0.0020s ]
SQL: SELECT * FROM `goods` WHERE ( cat_id=3 ) ORDER BY goods_id desc LIMIT 0,3   [ RunTime:0.0020s ]
NOTIC: [2] array_reverse() expects parameter 1 to be array, null given D:\xampp\htdocs\3.29\Home\Controller\GoodsController.class.php 第 27 行.
INFO: [ view_parse ] --START--
INFO: [ template_filter ] --START--
INFO: Run Behavior\ContentReplaceBehavior [ RunTime:0.001000s ]
INFO: [ template_filter ] --END-- [ RunTime:0.001000s ]
INFO: Run Behavior\ParseTemplateBehavior [ RunTime:0.026001s ]
INFO: [ view_parse ] --END-- [ RunTime:0.027001s ]
INFO: [ view_filter ] --START--
INFO: Run Behavior\WriteHtmlCacheBehavior [ RunTime:0.000000s ]
INFO: [ view_filter ] --END-- [ RunTime:0.001000s ]
INFO: [ app_end ] --START--
INFO: Run Behavior\ShowPageTraceBehavior [ RunTime:0.005001s ]
INFO: [ app_end ] --END-- [ RunTime:0.005001s ]

[ 2016-05-22T17:00:20+08:00 ] ::1 /3.29/index.php/Home/goods/category/id/2.html
INFO: [ app_init ] --START--
INFO: Run Behavior\BuildLiteBehavior [ RunTime:0.000000s ]
INFO: [ app_init ] --END-- [ RunTime:0.001000s ]
INFO: [ app_begin ] --START--
INFO: Run Behavior\ReadHtmlCacheBehavior [ RunTime:0.001000s ]
INFO: [ app_begin ] --END-- [ RunTime:0.002000s ]
SQL: SHOW COLUMNS FROM `goods` [ RunTime:0.0130s ]
SQL: SELECT * FROM `goods` WHERE ( cat_id=2 )  [ RunTime:0.0010s ]
SQL: SELECT * FROM `goods` WHERE ( cat_id=2 ) ORDER BY goods_id desc LIMIT 0,3   [ RunTime:0.0010s ]
NOTIC: [2] array_reverse() expects parameter 1 to be array, null given D:\xampp\htdocs\3.29\Home\Controller\GoodsController.class.php 第 27 行.
INFO: [ view_parse ] --START--
INFO: [ template_filter ] --START--
INFO: Run Behavior\ContentReplaceBehavior [ RunTime:0.000000s ]
INFO: [ template_filter ] --END-- [ RunTime:0.000000s ]
INFO: Run Behavior\ParseTemplateBehavior [ RunTime:0.022002s ]
INFO: [ view_parse ] --END-- [ RunTime:0.023002s ]
INFO: [ view_filter ] --START--
INFO: Run Behavior\WriteHtmlCacheBehavior [ RunTime:0.000000s ]
INFO: [ view_filter ] --END-- [ RunTime:0.000000s ]
INFO: [ app_end ] --START--
INFO: Run Behavior\ShowPageTraceBehavior [ RunTime:0.001000s ]
INFO: [ app_end ] --END-- [ RunTime:0.001000s ]

[ 2016-05-22T17:00:22+08:00 ] ::1 /3.29/index.php/Home/goods/category/id/3.html
INFO: [ app_init ] --START--
INFO: Run Behavior\BuildLiteBehavior [ RunTime:0.000000s ]
INFO: [ app_init ] --END-- [ RunTime:0.001000s ]
INFO: [ app_begin ] --START--
INFO: Run Behavior\ReadHtmlCacheBehavior [ RunTime:0.001001s ]
INFO: [ app_begin ] --END-- [ RunTime:0.001001s ]
SQL: SHOW COLUMNS FROM `goods` [ RunTime:0.0040s ]
SQL: SELECT * FROM `goods` WHERE ( cat_id=3 )  [ RunTime:0.0020s ]
SQL: SELECT * FROM `goods` WHERE ( cat_id=3 ) ORDER BY goods_id desc LIMIT 0,3   [ RunTime:0.0010s ]
NOTIC: [2] array_reverse() expects parameter 1 to be array, null given D:\xampp\htdocs\3.29\Home\Controller\GoodsController.class.php 第 27 行.
INFO: [ view_parse ] --START--
INFO: [ template_filter ] --START--
INFO: Run Behavior\ContentReplaceBehavior [ RunTime:0.000000s ]
INFO: [ template_filter ] --END-- [ RunTime:0.000000s ]
INFO: Run Behavior\ParseTemplateBehavior [ RunTime:0.025001s ]
INFO: [ view_parse ] --END-- [ RunTime:0.025001s ]
INFO: [ view_filter ] --START--
INFO: Run Behavior\WriteHtmlCacheBehavior [ RunTime:0.000000s ]
INFO: [ view_filter ] --END-- [ RunTime:0.000000s ]
INFO: [ app_end ] --START--
INFO: Run Behavior\ShowPageTraceBehavior [ RunTime:0.001000s ]
INFO: [ app_end ] --END-- [ RunTime:0.001000s ]

[ 2016-05-22T17:00:26+08:00 ] ::1 /3.29/index.php/Home/goods/category/id/7.html
INFO: [ app_init ] --START--
INFO: Run Behavior\BuildLiteBehavior [ RunTime:0.000000s ]
INFO: [ app_init ] --END-- [ RunTime:0.001000s ]
INFO: [ app_begin ] --START--
INFO: Run Behavior\ReadHtmlCacheBehavior [ RunTime:0.001000s ]
INFO: [ app_begin ] --END-- [ RunTime:0.001000s ]
SQL: SHOW COLUMNS FROM `goods` [ RunTime:0.0040s ]
SQL: SELECT * FROM `goods` WHERE ( cat_id=7 )  [ RunTime:0.0000s ]
SQL: SELECT * FROM `goods` WHERE ( cat_id=7 ) ORDER BY goods_id desc LIMIT 0,3   [ RunTime:0.0010s ]
NOTIC: [2] array_reverse() expects parameter 1 to be array, null given D:\xampp\htdocs\3.29\Home\Controller\GoodsController.class.php 第 27 行.
INFO: [ view_parse ] --START--
INFO: [ template_filter ] --START--
INFO: Run Behavior\ContentReplaceBehavior [ RunTime:0.000000s ]
INFO: [ template_filter ] --END-- [ RunTime:0.000000s ]
INFO: Run Behavior\ParseTemplateBehavior [ RunTime:0.027002s ]
INFO: [ view_parse ] --END-- [ RunTime:0.027002s ]
INFO: [ view_filter ] --START--
INFO: Run Behavior\WriteHtmlCacheBehavior [ RunTime:0.001000s ]
INFO: [ view_filter ] --END-- [ RunTime:0.001000s ]
INFO: [ app_end ] --START--
INFO: Run Behavior\ShowPageTraceBehavior [ RunTime:0.002000s ]
INFO: [ app_end ] --END-- [ RunTime:0.005000s ]

[ 2016-05-22T17:04:19+08:00 ] ::1 /3.29/index.php/home/index/index
INFO: [ app_init ] --START--
INFO: Run Behavior\BuildLiteBehavior [ RunTime:0.000000s ]
INFO: [ app_init ] --END-- [ RunTime:0.001000s ]
INFO: [ app_begin ] --START--
INFO: Run Behavior\ReadHtmlCacheBehavior [ RunTime:0.001000s ]
INFO: [ app_begin ] --END-- [ RunTime:0.001000s ]
SQL: SHOW COLUMNS FROM `cat` [ RunTime:0.0040s ]
SQL: SELECT * FROM `cat`  [ RunTime:0.0010s ]
SQL: SHOW COLUMNS FROM `goods` [ RunTime:0.0050s ]
SQL: SELECT * FROM `goods` WHERE `is_hot` = 1 ORDER BY goods_id desc LIMIT 0,3   [ RunTime:0.0380s ]
INFO: [ view_parse ] --START--
INFO: [ template_filter ] --START--
INFO: Run Behavior\ContentReplaceBehavior [ RunTime:0.000000s ]
INFO: [ template_filter ] --END-- [ RunTime:0.000000s ]
NOTIC: [8] Use of undefined constant goods_id - assumed 'goods_id' D:\xampp\htdocs\3.29\Runtime\Cache\Home\2f412aae274b751dca883838bf7e7502.php 第 358 行.
NOTIC: [8] Use of undefined constant goods_id - assumed 'goods_id' D:\xampp\htdocs\3.29\Runtime\Cache\Home\2f412aae274b751dca883838bf7e7502.php 第 358 行.
NOTIC: [8] Use of undefined constant goods_id - assumed 'goods_id' D:\xampp\htdocs\3.29\Runtime\Cache\Home\2f412aae274b751dca883838bf7e7502.php 第 358 行.
INFO: Run Behavior\ParseTemplateBehavior [ RunTime:0.031002s ]
INFO: [ view_parse ] --END-- [ RunTime:0.031002s ]
INFO: [ view_filter ] --START--
INFO: Run Behavior\WriteHtmlCacheBehavior [ RunTime:0.001000s ]
INFO: [ view_filter ] --END-- [ RunTime:0.001000s ]
INFO: [ app_end ] --START--
INFO: Run Behavior\ShowPageTraceBehavior [ RunTime:0.002000s ]
INFO: [ app_end ] --END-- [ RunTime:0.002000s ]

[ 2016-05-22T17:05:53+08:00 ] ::1 /3.29/index.php/home/index/index
INFO: [ app_init ] --START--
INFO: Run Behavior\BuildLiteBehavior [ RunTime:0.000000s ]
INFO: [ app_init ] --END-- [ RunTime:0.001000s ]
INFO: [ app_begin ] --START--
INFO: Run Behavior\ReadHtmlCacheBehavior [ RunTime:0.001000s ]
INFO: [ app_begin ] --END-- [ RunTime:0.001000s ]
SQL: SHOW COLUMNS FROM `cat` [ RunTime:0.0070s ]
SQL: SELECT * FROM `cat`  [ RunTime:0.0010s ]
SQL: SHOW COLUMNS FROM `goods` [ RunTime:0.0110s ]
SQL: SELECT * FROM `goods` WHERE `is_hot` = 1 ORDER BY goods_id desc LIMIT 0,3   [ RunTime:0.0030s ]
INFO: [ view_parse ] --START--
INFO: [ template_filter ] --START--
INFO: Run Behavior\ContentReplaceBehavior [ RunTime:0.001000s ]
INFO: [ template_filter ] --END-- [ RunTime:0.001000s ]
NOTIC: [8] Use of undefined constant goods_id - assumed 'goods_id' D:\xampp\htdocs\3.29\Runtime\Cache\Home\2f412aae274b751dca883838bf7e7502.php 第 358 行.
NOTIC: [8] Use of undefined constant goods_id - assumed 'goods_id' D:\xampp\htdocs\3.29\Runtime\Cache\Home\2f412aae274b751dca883838bf7e7502.php 第 358 行.
NOTIC: [8] Use of undefined constant goods_id - assumed 'goods_id' D:\xampp\htdocs\3.29\Runtime\Cache\Home\2f412aae274b751dca883838bf7e7502.php 第 358 行.
INFO: Run Behavior\ParseTemplateBehavior [ RunTime:0.033001s ]
INFO: [ view_parse ] --END-- [ RunTime:0.033001s ]
INFO: [ view_filter ] --START--
INFO: Run Behavior\WriteHtmlCacheBehavior [ RunTime:0.001000s ]
INFO: [ view_filter ] --END-- [ RunTime:0.001000s ]
INFO: [ app_end ] --START--
INFO: Run Behavior\ShowPageTraceBehavior [ RunTime:0.004000s ]
INFO: [ app_end ] --END-- [ RunTime:0.004000s ]

[ 2016-05-22T17:05:59+08:00 ] ::1 /3.29/index.php/Home/goods/category/id/2.html
INFO: [ app_init ] --START--
INFO: Run Behavior\BuildLiteBehavior [ RunTime:0.000000s ]
INFO: [ app_init ] --END-- [ RunTime:0.001000s ]
INFO: [ app_begin ] --START--
INFO: Run Behavior\ReadHtmlCacheBehavior [ RunTime:0.001001s ]
INFO: [ app_begin ] --END-- [ RunTime:0.001001s ]
SQL: SHOW COLUMNS FROM `goods` [ RunTime:0.0050s ]
SQL: SELECT * FROM `goods` WHERE ( cat_id=2 )  [ RunTime:0.0010s ]
SQL: SELECT * FROM `goods` WHERE ( cat_id=2 ) ORDER BY goods_id desc LIMIT 0,3   [ RunTime:0.0020s ]
NOTIC: [2] array_reverse() expects parameter 1 to be array, null given D:\xampp\htdocs\3.29\Home\Controller\GoodsController.class.php 第 27 行.
INFO: [ view_parse ] --START--
INFO: [ template_filter ] --START--
INFO: Run Behavior\ContentReplaceBehavior [ RunTime:0.001000s ]
INFO: [ template_filter ] --END-- [ RunTime:0.001000s ]
INFO: Run Behavior\ParseTemplateBehavior [ RunTime:0.021001s ]
INFO: [ view_parse ] --END-- [ RunTime:0.021001s ]
INFO: [ view_filter ] --START--
INFO: Run Behavior\WriteHtmlCacheBehavior [ RunTime:0.001000s ]
INFO: [ view_filter ] --END-- [ RunTime:0.001000s ]
INFO: [ app_end ] --START--
INFO: Run Behavior\ShowPageTraceBehavior [ RunTime:0.008001s ]
INFO: [ app_end ] --END-- [ RunTime:0.008001s ]

[ 2016-05-22T17:06:05+08:00 ] ::1 /3.29/index.php/Home/goods/category/id/3.html
INFO: [ app_init ] --START--
INFO: Run Behavior\BuildLiteBehavior [ RunTime:0.000000s ]
INFO: [ app_init ] --END-- [ RunTime:0.001000s ]
INFO: [ app_begin ] --START--
INFO: Run Behavior\ReadHtmlCacheBehavior [ RunTime:0.001000s ]
INFO: [ app_begin ] --END-- [ RunTime:0.001000s ]
SQL: SHOW COLUMNS FROM `goods` [ RunTime:0.0050s ]
SQL: SELECT * FROM `goods` WHERE ( cat_id=3 )  [ RunTime:0.0030s ]
SQL: SELECT * FROM `goods` WHERE ( cat_id=3 ) ORDER BY goods_id desc LIMIT 0,3   [ RunTime:0.0020s ]
NOTIC: [2] array_reverse() expects parameter 1 to be array, null given D:\xampp\htdocs\3.29\Home\Controller\GoodsController.class.php 第 27 行.
INFO: [ view_parse ] --START--
INFO: [ template_filter ] --START--
INFO: Run Behavior\ContentReplaceBehavior [ RunTime:0.000000s ]
INFO: [ template_filter ] --END-- [ RunTime:0.000000s ]
INFO: Run Behavior\ParseTemplateBehavior [ RunTime:0.024002s ]
INFO: [ view_parse ] --END-- [ RunTime:0.024002s ]
INFO: [ view_filter ] --START--
INFO: Run Behavior\WriteHtmlCacheBehavior [ RunTime:0.001000s ]
INFO: [ view_filter ] --END-- [ RunTime:0.001000s ]
INFO: [ app_end ] --START--
INFO: Run Behavior\ShowPageTraceBehavior [ RunTime:0.002000s ]
INFO: [ app_end ] --END-- [ RunTime:0.002000s ]

[ 2016-05-22T17:06:12+08:00 ] ::1 /3.29/index.php/Home/goods/category/id/5.html
INFO: [ app_init ] --START--
INFO: Run Behavior\BuildLiteBehavior [ RunTime:0.000000s ]
INFO: [ app_init ] --END-- [ RunTime:0.000000s ]
INFO: [ app_begin ] --START--
INFO: Run Behavior\ReadHtmlCacheBehavior [ RunTime:0.001000s ]
INFO: [ app_begin ] --END-- [ RunTime:0.002000s ]
SQL: SHOW COLUMNS FROM `goods` [ RunTime:0.0040s ]
SQL: SELECT * FROM `goods` WHERE ( cat_id=5 )  [ RunTime:0.0010s ]
SQL: SELECT * FROM `goods` WHERE ( cat_id=5 ) ORDER BY goods_id desc LIMIT 0,3   [ RunTime:0.0010s ]
NOTIC: [2] array_reverse() expects parameter 1 to be array, null given D:\xampp\htdocs\3.29\Home\Controller\GoodsController.class.php 第 27 行.
INFO: [ view_parse ] --START--
INFO: [ template_filter ] --START--
INFO: Run Behavior\ContentReplaceBehavior [ RunTime:0.000000s ]
INFO: [ template_filter ] --END-- [ RunTime:0.000000s ]
INFO: Run Behavior\ParseTemplateBehavior [ RunTime:0.025002s ]
INFO: [ view_parse ] --END-- [ RunTime:0.025002s ]
INFO: [ view_filter ] --START--
INFO: Run Behavior\WriteHtmlCacheBehavior [ RunTime:0.001000s ]
INFO: [ view_filter ] --END-- [ RunTime:0.001000s ]
INFO: [ app_end ] --START--
INFO: Run Behavior\ShowPageTraceBehavior [ RunTime:0.006000s ]
INFO: [ app_end ] --END-- [ RunTime:0.006000s ]

[ 2016-05-22T17:06:26+08:00 ] ::1 /3.29/index.php/Home/goods/goods/id/33.html
INFO: [ app_init ] --START--
INFO: Run Behavior\BuildLiteBehavior [ RunTime:0.000000s ]
INFO: [ app_init ] --END-- [ RunTime:0.002000s ]
INFO: [ app_begin ] --START--
INFO: Run Behavior\ReadHtmlCacheBehavior [ RunTime:0.001000s ]
INFO: [ app_begin ] --END-- [ RunTime:0.001000s ]
SQL: SHOW COLUMNS FROM `goods` [ RunTime:0.0040s ]
SQL: SELECT * FROM `goods` WHERE ( goods_id=33 ) LIMIT 1   [ RunTime:0.0010s ]
SQL: SHOW COLUMNS FROM `cat` [ RunTime:0.0040s ]
SQL: SELECT * FROM `cat`  [ RunTime:0.0010s ]
SQL: SELECT * FROM `cat` WHERE ( cat_id=5 ) LIMIT 1   [ RunTime:0.0010s ]
SQL: SELECT * FROM `cat` WHERE ( cat_id=1 ) LIMIT 1   [ RunTime:0.0010s ]
ERR: 1146:Table 'shop.comment' doesn't exist
 [ SQL语句 ] : SHOW COLUMNS FROM `comment`
ERR: 1146:Table 'shop.comment' doesn't exist
 [ SQL语句 ] : SHOW COLUMNS FROM `comment`

[ 2016-05-22T17:07:32+08:00 ] ::1 /3.29/index.php/Home/goods/goods/id/33.html
INFO: [ app_init ] --START--
INFO: Run Behavior\BuildLiteBehavior [ RunTime:0.000000s ]
INFO: [ app_init ] --END-- [ RunTime:0.000000s ]
INFO: [ app_begin ] --START--
INFO: Run Behavior\ReadHtmlCacheBehavior [ RunTime:0.002001s ]
INFO: [ app_begin ] --END-- [ RunTime:0.002001s ]
SQL: SHOW COLUMNS FROM `goods` [ RunTime:0.0070s ]
SQL: SELECT * FROM `goods` WHERE ( goods_id=33 ) LIMIT 1   [ RunTime:0.0000s ]
SQL: SHOW COLUMNS FROM `cat` [ RunTime:0.0050s ]
SQL: SELECT * FROM `cat`  [ RunTime:0.0010s ]
SQL: SELECT * FROM `cat` WHERE ( cat_id=5 ) LIMIT 1   [ RunTime:0.0010s ]
SQL: SELECT * FROM `cat` WHERE ( cat_id=1 ) LIMIT 1   [ RunTime:0.0000s ]
SQL: SHOW COLUMNS FROM `comment` [ RunTime:0.0050s ]
SQL: SELECT * FROM `comment` WHERE ( 1=1 AND goods_id='33' )  [ RunTime:0.0010s ]
INFO: [ view_parse ] --START--
INFO: [ template_filter ] --START--
INFO: Run Behavior\ContentReplaceBehavior [ RunTime:0.001000s ]
INFO: [ template_filter ] --END-- [ RunTime:0.001000s ]
NOTIC: [8] Use of undefined constant cat_id - assumed 'cat_id' D:\xampp\htdocs\3.29\Runtime\Cache\Home\8fcc208460ddce67da9f82f2b511b13a.php 第 78 行.
NOTIC: [8] Use of undefined constant cat_id - assumed 'cat_id' D:\xampp\htdocs\3.29\Runtime\Cache\Home\8fcc208460ddce67da9f82f2b511b13a.php 第 78 行.
INFO: Run Behavior\ParseTemplateBehavior [ RunTime:0.072005s ]
INFO: [ view_parse ] --END-- [ RunTime:0.072005s ]
INFO: [ view_filter ] --START--
INFO: Run Behavior\WriteHtmlCacheBehavior [ RunTime:0.001000s ]
INFO: [ view_filter ] --END-- [ RunTime:0.001000s ]
INFO: [ app_end ] --START--
INFO: Run Behavior\ShowPageTraceBehavior [ RunTime:0.001000s ]
INFO: [ app_end ] --END-- [ RunTime:0.001000s ]

[ 2016-05-22T17:07:33+08:00 ] ::1 /3.29/index.php/Home/goods/goods/id/animated_favicon.gif
INFO: [ app_init ] --START--
INFO: Run Behavior\BuildLiteBehavior [ RunTime:0.000000s ]
INFO: [ app_init ] --END-- [ RunTime:0.001000s ]

[ 2016-05-22T17:07:33+08:00 ] ::1 /3.29/index.php/Home/goods/goods/id/favicon.ico
INFO: [ app_init ] --START--
INFO: Run Behavior\BuildLiteBehavior [ RunTime:0.000000s ]
INFO: [ app_init ] --END-- [ RunTime:0.002001s ]

[ 2016-05-22T17:07:43+08:00 ] ::1 /3.29/index.php/Home/flow/buy/id/33.html
INFO: [ app_init ] --START--
INFO: Run Behavior\BuildLiteBehavior [ RunTime:0.000000s ]
INFO: [ app_init ] --END-- [ RunTime:0.001000s ]
INFO: [ app_begin ] --START--
INFO: Run Behavior\ReadHtmlCacheBehavior [ RunTime:0.002001s ]
INFO: [ app_begin ] --END-- [ RunTime:0.002001s ]
SQL: SHOW COLUMNS FROM `goods` [ RunTime:0.0050s ]
SQL: SELECT `goods_id`,`goods_name`,`shop_price` FROM `goods` WHERE ( goods_id=33 ) LIMIT 1   [ RunTime:0.0010s ]

[ 2016-05-22T17:07:43+08:00 ] ::1 /3.29/index.php/Home/Flow/flow_cart.html
INFO: [ app_init ] --START--
INFO: Run Behavior\BuildLiteBehavior [ RunTime:0.000000s ]
INFO: [ app_init ] --END-- [ RunTime:0.001000s ]
INFO: [ app_begin ] --START--
INFO: Run Behavior\ReadHtmlCacheBehavior [ RunTime:0.000000s ]
INFO: [ app_begin ] --END-- [ RunTime:0.002000s ]
INFO: [ view_parse ] --START--
INFO: [ template_filter ] --START--
INFO: Run Behavior\ContentReplaceBehavior [ RunTime:0.000000s ]
INFO: [ template_filter ] --END-- [ RunTime:0.000000s ]
INFO: Run Behavior\ParseTemplateBehavior [ RunTime:0.034002s ]
INFO: [ view_parse ] --END-- [ RunTime:0.034002s ]
INFO: [ view_filter ] --START--
INFO: Run Behavior\WriteHtmlCacheBehavior [ RunTime:0.001000s ]
INFO: [ view_filter ] --END-- [ RunTime:0.001000s ]
INFO: [ app_end ] --START--
INFO: Run Behavior\ShowPageTraceBehavior [ RunTime:0.003000s ]
INFO: [ app_end ] --END-- [ RunTime:0.003000s ]

[ 2016-05-22T17:07:43+08:00 ] ::1 /3.29/index.php/Home/Flow/animated_favicon.gif
INFO: [ app_init ] --START--
INFO: Run Behavior\BuildLiteBehavior [ RunTime:0.000000s ]
INFO: [ app_init ] --END-- [ RunTime:0.002000s ]

[ 2016-05-22T17:07:43+08:00 ] ::1 /3.29/index.php/Home/Flow/favicon.ico
INFO: [ app_init ] --START--
INFO: Run Behavior\BuildLiteBehavior [ RunTime:0.000000s ]
INFO: [ app_init ] --END-- [ RunTime:0.001000s ]

[ 2016-05-22T17:07:49+08:00 ] ::1 /3.29/index.php/Home/flow/flow_checkout.html
INFO: [ app_init ] --START--
INFO: Run Behavior\BuildLiteBehavior [ RunTime:0.000000s ]
INFO: [ app_init ] --END-- [ RunTime:0.000000s ]
INFO: [ app_begin ] --START--
INFO: Run Behavior\ReadHtmlCacheBehavior [ RunTime:0.001000s ]
INFO: [ app_begin ] --END-- [ RunTime:0.001000s ]
INFO: [ view_parse ] --START--
INFO: [ template_filter ] --START--
INFO: Run Behavior\ContentReplaceBehavior [ RunTime:0.001000s ]
INFO: [ template_filter ] --END-- [ RunTime:0.001000s ]
INFO: Run Behavior\ParseTemplateBehavior [ RunTime:0.073005s ]
INFO: [ view_parse ] --END-- [ RunTime:0.073005s ]
INFO: [ view_filter ] --START--
INFO: Run Behavior\WriteHtmlCacheBehavior [ RunTime:0.001000s ]
INFO: [ view_filter ] --END-- [ RunTime:0.001000s ]
INFO: [ app_end ] --START--
INFO: Run Behavior\ShowPageTraceBehavior [ RunTime:0.002000s ]
INFO: [ app_end ] --END-- [ RunTime:0.002000s ]

[ 2016-05-22T17:07:49+08:00 ] ::1 /3.29/index.php/Home/flow/animated_favicon.gif
INFO: [ app_init ] --START--
INFO: Run Behavior\BuildLiteBehavior [ RunTime:0.000000s ]
INFO: [ app_init ] --END-- [ RunTime:0.001001s ]

[ 2016-05-22T17:07:49+08:00 ] ::1 /3.29/index.php/Home/flow/favicon.ico
INFO: [ app_init ] --START--
INFO: Run Behavior\BuildLiteBehavior [ RunTime:0.000000s ]
INFO: [ app_init ] --END-- [ RunTime:0.001000s ]

[ 2016-05-22T17:08:06+08:00 ] ::1 /3.29/index.php/Home/flow/flow_checkout.html
INFO: [ app_init ] --START--
INFO: Run Behavior\BuildLiteBehavior [ RunTime:0.000000s ]
INFO: [ app_init ] --END-- [ RunTime:0.001000s ]
INFO: [ app_begin ] --START--
INFO: Run Behavior\ReadHtmlCacheBehavior [ RunTime:0.001000s ]
INFO: [ app_begin ] --END-- [ RunTime:0.001000s ]
SQL: SHOW COLUMNS FROM `ordergoods` [ RunTime:0.0040s ]
SQL: SHOW COLUMNS FROM `orderinfo` [ RunTime:0.0050s ]
SQL: SELECT COUNT(*) AS tp_count FROM `orderinfo` WHERE ( order_sn=146390808653790 ) LIMIT 1   [ RunTime:0.0250s ]
SQL: INSERT INTO `orderinfo` (`order_sn`,`address`,`email`,`mobile`) VALUES ('146390808653790','awrtwa','swtawry','raewy') [ RunTime:0.0000s ]
SQL: INSERT INTO `ordergoods` (`order_sn`,`goods_id`,`goods_name`,`goods_number`,`subtotal`) VALUES ('146390808653790','33','测试钻石手机','1','0') [ RunTime:0.0310s ]

[ 2016-05-22T17:08:06+08:00 ] ::1 /3.29/index.php/Home/Flow/flow_done/sn/146390808653790.html
INFO: [ app_init ] --START--
INFO: Run Behavior\BuildLiteBehavior [ RunTime:0.000000s ]
INFO: [ app_init ] --END-- [ RunTime:0.001000s ]
INFO: [ app_begin ] --START--
INFO: Run Behavior\ReadHtmlCacheBehavior [ RunTime:0.001000s ]
INFO: [ app_begin ] --END-- [ RunTime:0.001000s ]
INFO: [ view_parse ] --START--
INFO: [ template_filter ] --START--
INFO: Run Behavior\ContentReplaceBehavior [ RunTime:0.000000s ]
INFO: [ template_filter ] --END-- [ RunTime:0.000000s ]
INFO: Run Behavior\ParseTemplateBehavior [ RunTime:0.028002s ]
INFO: [ view_parse ] --END-- [ RunTime:0.028002s ]
INFO: [ view_filter ] --START--
INFO: Run Behavior\WriteHtmlCacheBehavior [ RunTime:0.000000s ]
INFO: [ view_filter ] --END-- [ RunTime:0.000000s ]
INFO: [ app_end ] --START--
INFO: Run Behavior\ShowPageTraceBehavior [ RunTime:0.001000s ]
INFO: [ app_end ] --END-- [ RunTime:0.001000s ]

[ 2016-05-22T17:08:06+08:00 ] ::1 /3.29/index.php/Home/Flow/flow_done/sn/animated_favicon.gif
INFO: [ app_init ] --START--
INFO: Run Behavior\BuildLiteBehavior [ RunTime:0.000000s ]
INFO: [ app_init ] --END-- [ RunTime:0.001000s ]

[ 2016-05-22T17:08:06+08:00 ] ::1 /3.29/index.php/Home/Flow/flow_done/sn/favicon.ico
INFO: [ app_init ] --START--
INFO: Run Behavior\BuildLiteBehavior [ RunTime:0.000000s ]
INFO: [ app_init ] --END-- [ RunTime:0.000000s ]

[ 2016-05-22T17:08:12+08:00 ] ::1 /3.29/index.php/Home/Flow/flow_done/sn/index.php
INFO: [ app_init ] --START--
INFO: Run Behavior\BuildLiteBehavior [ RunTime:0.000000s ]
INFO: [ app_init ] --END-- [ RunTime:0.001000s ]
INFO: [ app_begin ] --START--
INFO: Run Behavior\ReadHtmlCacheBehavior [ RunTime:0.002000s ]
INFO: [ app_begin ] --END-- [ RunTime:0.002000s ]
INFO: [ view_parse ] --START--
INFO: [ template_filter ] --START--
INFO: Run Behavior\ContentReplaceBehavior [ RunTime:0.001000s ]
INFO: [ template_filter ] --END-- [ RunTime:0.001000s ]
INFO: Run Behavior\ParseTemplateBehavior [ RunTime:0.017001s ]
INFO: [ view_parse ] --END-- [ RunTime:0.017001s ]
INFO: [ view_filter ] --START--
INFO: Run Behavior\WriteHtmlCacheBehavior [ RunTime:0.000000s ]
INFO: [ view_filter ] --END-- [ RunTime:0.001000s ]
INFO: [ app_end ] --START--
INFO: Run Behavior\ShowPageTraceBehavior [ RunTime:0.001000s ]
INFO: [ app_end ] --END-- [ RunTime:0.001000s ]

[ 2016-05-22T17:08:15+08:00 ] ::1 /3.29/index.php/Home/Flow/flow_done/sn/user.php
INFO: [ app_init ] --START--
INFO: Run Behavior\BuildLiteBehavior [ RunTime:0.000000s ]
INFO: [ app_init ] --END-- [ RunTime:0.001000s ]
INFO: [ app_begin ] --START--
INFO: Run Behavior\ReadHtmlCacheBehavior [ RunTime:0.001000s ]
INFO: [ app_begin ] --END-- [ RunTime:0.001000s ]
INFO: [ view_parse ] --START--
INFO: [ template_filter ] --START--
INFO: Run Behavior\ContentReplaceBehavior [ RunTime:0.000000s ]
INFO: [ template_filter ] --END-- [ RunTime:0.000000s ]
INFO: Run Behavior\ParseTemplateBehavior [ RunTime:0.015001s ]
INFO: [ view_parse ] --END-- [ RunTime:0.015001s ]
INFO: [ view_filter ] --START--
INFO: Run Behavior\WriteHtmlCacheBehavior [ RunTime:0.001000s ]
INFO: [ view_filter ] --END-- [ RunTime:0.001000s ]
INFO: [ app_end ] --START--
INFO: Run Behavior\ShowPageTraceBehavior [ RunTime:0.001000s ]
INFO: [ app_end ] --END-- [ RunTime:0.001000s ]

[ 2016-05-22T17:08:20+08:00 ] ::1 /3.29/index.php/Home/Flow/flow_done/sn/user.php
INFO: [ app_init ] --START--
INFO: Run Behavior\BuildLiteBehavior [ RunTime:0.000000s ]
INFO: [ app_init ] --END-- [ RunTime:0.001000s ]
INFO: [ app_begin ] --START--
INFO: Run Behavior\ReadHtmlCacheBehavior [ RunTime:0.001000s ]
INFO: [ app_begin ] --END-- [ RunTime:0.001000s ]
INFO: [ view_parse ] --START--
INFO: [ template_filter ] --START--
INFO: Run Behavior\ContentReplaceBehavior [ RunTime:0.000000s ]
INFO: [ template_filter ] --END-- [ RunTime:0.001000s ]
INFO: Run Behavior\ParseTemplateBehavior [ RunTime:0.014001s ]
INFO: [ view_parse ] --END-- [ RunTime:0.014001s ]
INFO: [ view_filter ] --START--
INFO: Run Behavior\WriteHtmlCacheBehavior [ RunTime:0.001000s ]
INFO: [ view_filter ] --END-- [ RunTime:0.001000s ]
INFO: [ app_end ] --START--
INFO: Run Behavior\ShowPageTraceBehavior [ RunTime:0.001000s ]
INFO: [ app_end ] --END-- [ RunTime:0.001000s ]

[ 2016-05-22T17:08:43+08:00 ] ::1 /3.29/index.php/Home/Flow/flow_done/
INFO: [ app_init ] --START--
INFO: Run Behavior\BuildLiteBehavior [ RunTime:0.000000s ]
INFO: [ app_init ] --END-- [ RunTime:0.001000s ]
INFO: [ app_begin ] --START--
INFO: Run Behavior\ReadHtmlCacheBehavior [ RunTime:0.002000s ]
INFO: [ app_begin ] --END-- [ RunTime:0.002000s ]
INFO: [ view_parse ] --START--
INFO: [ template_filter ] --START--
INFO: Run Behavior\ContentReplaceBehavior [ RunTime:0.000000s ]
INFO: [ template_filter ] --END-- [ RunTime:0.000000s ]
INFO: Run Behavior\ParseTemplateBehavior [ RunTime:0.015000s ]
INFO: [ view_parse ] --END-- [ RunTime:0.015000s ]
INFO: [ view_filter ] --START--
INFO: Run Behavior\WriteHtmlCacheBehavior [ RunTime:0.001001s ]
INFO: [ view_filter ] --END-- [ RunTime:0.001001s ]
INFO: [ app_end ] --START--
INFO: Run Behavior\ShowPageTraceBehavior [ RunTime:0.001000s ]
INFO: [ app_end ] --END-- [ RunTime:0.001000s ]

[ 2016-05-22T17:08:43+08:00 ] ::1 /3.29/index.php/Home/Flow/flow_done/animated_favicon.gif
INFO: [ app_init ] --START--
INFO: Run Behavior\BuildLiteBehavior [ RunTime:0.000000s ]
INFO: [ app_init ] --END-- [ RunTime:0.001000s ]

[ 2016-05-22T17:08:44+08:00 ] ::1 /3.29/index.php/Home/Flow/flow_done/favicon.ico
INFO: [ app_init ] --START--
INFO: Run Behavior\BuildLiteBehavior [ RunTime:0.000000s ]
INFO: [ app_init ] --END-- [ RunTime:0.000000s ]

[ 2016-05-22T17:08:48+08:00 ] ::1 /3.29/index.php/Home/Flow/
INFO: [ app_init ] --START--
INFO: Run Behavior\BuildLiteBehavior [ RunTime:0.000000s ]
INFO: [ app_init ] --END-- [ RunTime:0.001000s ]
INFO: [ app_begin ] --START--
INFO: Run Behavior\ReadHtmlCacheBehavior [ RunTime:0.002000s ]
INFO: [ app_begin ] --END-- [ RunTime:0.002000s ]
ERR: 非法操作:index

[ 2016-05-22T17:08:52+08:00 ] ::1 /3.29/index.php/Home/Flow/index
INFO: [ app_init ] --START--
INFO: Run Behavior\BuildLiteBehavior [ RunTime:0.000000s ]
INFO: [ app_init ] --END-- [ RunTime:0.001000s ]
INFO: [ app_begin ] --START--
INFO: Run Behavior\ReadHtmlCacheBehavior [ RunTime:0.001000s ]
INFO: [ app_begin ] --END-- [ RunTime:0.001000s ]
ERR: 非法操作:index

[ 2016-05-22T17:08:57+08:00 ] ::1 /3.29/index.php/Home/index/index
INFO: [ app_init ] --START--
INFO: Run Behavior\BuildLiteBehavior [ RunTime:0.000000s ]
INFO: [ app_init ] --END-- [ RunTime:0.001000s ]
INFO: [ app_begin ] --START--
INFO: Run Behavior\ReadHtmlCacheBehavior [ RunTime:0.001000s ]
INFO: [ app_begin ] --END-- [ RunTime:0.001000s ]
SQL: SHOW COLUMNS FROM `cat` [ RunTime:0.0040s ]
SQL: SELECT * FROM `cat`  [ RunTime:0.0010s ]
SQL: SHOW COLUMNS FROM `goods` [ RunTime:0.0050s ]
SQL: SELECT * FROM `goods` WHERE `is_hot` = 1 ORDER BY goods_id desc LIMIT 0,3   [ RunTime:0.0020s ]
INFO: [ view_parse ] --START--
INFO: [ template_filter ] --START--
INFO: Run Behavior\ContentReplaceBehavior [ RunTime:0.001000s ]
INFO: [ template_filter ] --END-- [ RunTime:0.001000s ]
NOTIC: [8] Use of undefined constant goods_id - assumed 'goods_id' D:\xampp\htdocs\3.29\Runtime\Cache\Home\2f412aae274b751dca883838bf7e7502.php 第 358 行.
NOTIC: [8] Use of undefined constant goods_id - assumed 'goods_id' D:\xampp\htdocs\3.29\Runtime\Cache\Home\2f412aae274b751dca883838bf7e7502.php 第 358 行.
NOTIC: [8] Use of undefined constant goods_id - assumed 'goods_id' D:\xampp\htdocs\3.29\Runtime\Cache\Home\2f412aae274b751dca883838bf7e7502.php 第 358 行.
INFO: Run Behavior\ParseTemplateBehavior [ RunTime:0.033002s ]
INFO: [ view_parse ] --END-- [ RunTime:0.035002s ]
INFO: [ view_filter ] --START--
INFO: Run Behavior\WriteHtmlCacheBehavior [ RunTime:0.001000s ]
INFO: [ view_filter ] --END-- [ RunTime:0.001000s ]
INFO: [ app_end ] --START--
INFO: Run Behavior\ShowPageTraceBehavior [ RunTime:0.002000s ]
INFO: [ app_end ] --END-- [ RunTime:0.002000s ]

[ 2016-05-22T17:08:57+08:00 ] ::1 /3.29/index.php/Home/index/animated_favicon.gif
INFO: [ app_init ] --START--
INFO: Run Behavior\BuildLiteBehavior [ RunTime:0.000000s ]
INFO: [ app_init ] --END-- [ RunTime:0.001000s ]

[ 2016-05-22T17:08:57+08:00 ] ::1 /3.29/index.php/Home/index/favicon.ico
INFO: [ app_init ] --START--
INFO: Run Behavior\BuildLiteBehavior [ RunTime:0.000000s ]
INFO: [ app_init ] --END-- [ RunTime:0.001000s ]

[ 2016-05-22T17:15:14+08:00 ] 43.225.238.169 /index.php/home/index/index
INFO: [ app_init ] --START--
INFO: Run Behavior\BuildLiteBehavior [ RunTime:0.000045s ]
INFO: [ app_init ] --END-- [ RunTime:0.000877s ]
INFO: [ app_begin ] --START--
INFO: Run Behavior\ReadHtmlCacheBehavior [ RunTime:0.002619s ]
INFO: [ app_begin ] --END-- [ RunTime:0.002967s ]
ERR: SQLSTATE[HY000] [1045] Access denied for user 'root'@'localhost' (using password: NO)

[ 2016-05-22T17:17:35+08:00 ] 43.225.238.169 /index.php/home/index/index
INFO: [ app_init ] --START--
INFO: Run Behavior\BuildLiteBehavior [ RunTime:0.000044s ]
INFO: [ app_init ] --END-- [ RunTime:0.000860s ]
INFO: [ app_begin ] --START--
INFO: Run Behavior\ReadHtmlCacheBehavior [ RunTime:0.001108s ]
INFO: [ app_begin ] --END-- [ RunTime:0.001267s ]
ERR: 1146:Table 'shop.cat' doesn't exist
 [ SQL语句 ] : SHOW COLUMNS FROM `cat`
ERR: 1146:Table 'shop.cat' doesn't exist
 [ SQL语句 ] : SHOW COLUMNS FROM `cat`

[ 2016-05-22T17:18:24+08:00 ] 43.225.238.169 /index.php/home/index/index
INFO: [ app_init ] --START--
INFO: Run Behavior\BuildLiteBehavior [ RunTime:0.000185s ]
INFO: [ app_init ] --END-- [ RunTime:0.001365s ]
INFO: [ app_begin ] --START--
INFO: Run Behavior\ReadHtmlCacheBehavior [ RunTime:0.003709s ]
INFO: [ app_begin ] --END-- [ RunTime:0.003951s ]
SQL: SHOW COLUMNS FROM `cat` [ RunTime:0.0023s ]
SQL: SELECT * FROM `cat`  [ RunTime:0.0009s ]
SQL: SHOW COLUMNS FROM `goods` [ RunTime:0.0154s ]
SQL: SELECT * FROM `goods` WHERE `is_hot` = 1 ORDER BY goods_id desc LIMIT 0,3   [ RunTime:0.0015s ]
INFO: [ view_parse ] --START--
INFO: [ template_filter ] --START--
INFO: Run Behavior\ContentReplaceBehavior [ RunTime:0.000459s ]
INFO: [ template_filter ] --END-- [ RunTime:0.000684s ]
NOTIC: [8] Use of undefined constant goods_id - assumed 'goods_id' /www/web/tpshop_zll_science/public_html/Runtime/Cache/Home/2f412aae274b751dca883838bf7e7502.php 第 358 行.
NOTIC: [8] Use of undefined constant goods_id - assumed 'goods_id' /www/web/tpshop_zll_science/public_html/Runtime/Cache/Home/2f412aae274b751dca883838bf7e7502.php 第 358 行.
NOTIC: [8] Use of undefined constant goods_id - assumed 'goods_id' /www/web/tpshop_zll_science/public_html/Runtime/Cache/Home/2f412aae274b751dca883838bf7e7502.php 第 358 行.
INFO: Run Behavior\ParseTemplateBehavior [ RunTime:0.055586s ]
INFO: [ view_parse ] --END-- [ RunTime:0.055773s ]
INFO: [ view_filter ] --START--
INFO: Run Behavior\WriteHtmlCacheBehavior [ RunTime:0.000728s ]
INFO: [ view_filter ] --END-- [ RunTime:0.000897s ]
INFO: [ app_end ] --START--
INFO: Run Behavior\ShowPageTraceBehavior [ RunTime:0.001061s ]
INFO: [ app_end ] --END-- [ RunTime:0.001166s ]

[ 2016-05-22T17:18:27+08:00 ] 43.225.238.169 /index.php/home/index/animated_favicon.gif
INFO: [ app_init ] --START--
INFO: Run Behavior\BuildLiteBehavior [ RunTime:0.000035s ]
INFO: [ app_init ] --END-- [ RunTime:0.000843s ]

[ 2016-05-22T17:18:27+08:00 ] 43.225.238.169 /index.php/home/index/favicon.ico
INFO: [ app_init ] --START--
INFO: Run Behavior\BuildLiteBehavior [ RunTime:0.000066s ]
INFO: [ app_init ] --END-- [ RunTime:0.001046s ]

[ 2016-05-22T17:18:29+08:00 ] 43.225.238.169 /index.php/Home/goods/goods/id/32.html
INFO: [ app_init ] --START--
INFO: Run Behavior\BuildLiteBehavior [ RunTime:0.000050s ]
INFO: [ app_init ] --END-- [ RunTime:0.001103s ]
INFO: [ app_begin ] --START--
INFO: Run Behavior\ReadHtmlCacheBehavior [ RunTime:0.001146s ]
INFO: [ app_begin ] --END-- [ RunTime:0.001319s ]
SQL: SHOW COLUMNS FROM `goods` [ RunTime:0.0014s ]
SQL: SELECT * FROM `goods` WHERE ( goods_id=32 ) LIMIT 1   [ RunTime:0.0008s ]
SQL: SHOW COLUMNS FROM `cat` [ RunTime:0.0008s ]
SQL: SELECT * FROM `cat`  [ RunTime:0.0002s ]
SQL: SELECT * FROM `cat` WHERE ( cat_id=3 ) LIMIT 1   [ RunTime:0.0004s ]
SQL: SELECT * FROM `cat` WHERE ( cat_id=1 ) LIMIT 1   [ RunTime:0.0003s ]
SQL: SHOW COLUMNS FROM `comment` [ RunTime:0.0008s ]
SQL: SELECT * FROM `comment` WHERE ( 1=1 AND goods_id='32' )  [ RunTime:0.0004s ]
ERR: 模板不存在:./Home/View/index/goods.html

[ 2016-05-22T17:18:41+08:00 ] 43.225.238.169 /index.php/Home/goods/category/id/2.html
INFO: [ app_init ] --START--
INFO: Run Behavior\BuildLiteBehavior [ RunTime:0.000039s ]
INFO: [ app_init ] --END-- [ RunTime:0.000732s ]
INFO: [ app_begin ] --START--
INFO: Run Behavior\ReadHtmlCacheBehavior [ RunTime:0.001327s ]
INFO: [ app_begin ] --END-- [ RunTime:0.001486s ]
SQL: SHOW COLUMNS FROM `goods` [ RunTime:0.0018s ]
SQL: SELECT * FROM `goods` WHERE ( cat_id=2 )  [ RunTime:0.0006s ]
SQL: SELECT * FROM `goods` WHERE ( cat_id=2 ) ORDER BY goods_id desc LIMIT 0,3   [ RunTime:0.0007s ]
ERR: 模板不存在:./Home/View/index/category.html

[ 2016-05-22T17:18:51+08:00 ] 43.225.238.169 /index.php/Home/goods/category/id/3.html
INFO: [ app_init ] --START--
INFO: Run Behavior\BuildLiteBehavior [ RunTime:0.000029s ]
INFO: [ app_init ] --END-- [ RunTime:0.000670s ]
INFO: [ app_begin ] --START--
INFO: Run Behavior\ReadHtmlCacheBehavior [ RunTime:0.000862s ]
INFO: [ app_begin ] --END-- [ RunTime:0.000976s ]
SQL: SHOW COLUMNS FROM `goods` [ RunTime:0.0021s ]
SQL: SELECT * FROM `goods` WHERE ( cat_id=3 )  [ RunTime:0.0017s ]
SQL: SELECT * FROM `goods` WHERE ( cat_id=3 ) ORDER BY goods_id desc LIMIT 0,3   [ RunTime:0.0009s ]
ERR: 模板不存在:./Home/View/index/category.html

[ 2016-05-22T17:18:56+08:00 ] 43.225.238.169 /index.php/Home/goods/category/id/5.html
INFO: [ app_init ] --START--
INFO: Run Behavior\BuildLiteBehavior [ RunTime:0.000029s ]
INFO: [ app_init ] --END-- [ RunTime:0.000742s ]
INFO: [ app_begin ] --START--
INFO: Run Behavior\ReadHtmlCacheBehavior [ RunTime:0.001276s ]
INFO: [ app_begin ] --END-- [ RunTime:0.001528s ]
SQL: SHOW COLUMNS FROM `goods` [ RunTime:0.0012s ]
SQL: SELECT * FROM `goods` WHERE ( cat_id=5 )  [ RunTime:0.0006s ]
SQL: SELECT * FROM `goods` WHERE ( cat_id=5 ) ORDER BY goods_id desc LIMIT 0,3   [ RunTime:0.0005s ]
ERR: 模板不存在:./Home/View/index/category.html

[ 2016-05-22T17:19:00+08:00 ] 43.225.238.169 /index.php/Home/goods/category/id/13.html
INFO: [ app_init ] --START--
INFO: Run Behavior\BuildLiteBehavior [ RunTime:0.000032s ]
INFO: [ app_init ] --END-- [ RunTime:0.000793s ]
INFO: [ app_begin ] --START--
INFO: Run Behavior\ReadHtmlCacheBehavior [ RunTime:0.000907s ]
INFO: [ app_begin ] --END-- [ RunTime:0.001013s ]
SQL: SHOW COLUMNS FROM `goods` [ RunTime:0.0014s ]
SQL: SELECT * FROM `goods` WHERE ( cat_id=13 )  [ RunTime:0.0006s ]
SQL: SELECT * FROM `goods` WHERE ( cat_id=13 ) ORDER BY goods_id desc LIMIT 0,3   [ RunTime:0.0005s ]
ERR: 模板不存在:./Home/View/index/category.html

[ 2016-05-22T17:19:03+08:00 ] 43.225.238.169 /index.php/Home/goods/category/id/7.html
INFO: [ app_init ] --START--
INFO: Run Behavior\BuildLiteBehavior [ RunTime:0.000053s ]
INFO: [ app_init ] --END-- [ RunTime:0.001455s ]
INFO: [ app_begin ] --START--
INFO: Run Behavior\ReadHtmlCacheBehavior [ RunTime:0.001205s ]
INFO: [ app_begin ] --END-- [ RunTime:0.001336s ]
SQL: SHOW COLUMNS FROM `goods` [ RunTime:0.0030s ]
SQL: SELECT * FROM `goods` WHERE ( cat_id=7 )  [ RunTime:0.0007s ]
SQL: SELECT * FROM `goods` WHERE ( cat_id=7 ) ORDER BY goods_id desc LIMIT 0,3   [ RunTime:0.0007s ]
ERR: 模板不存在:./Home/View/index/category.html

[ 2016-05-22T17:19:21+08:00 ] 43.225.238.169 /index.php/Home/goods/category/id/7.html
INFO: [ app_init ] --START--
INFO: Run Behavior\BuildLiteBehavior [ RunTime:0.000028s ]
INFO: [ app_init ] --END-- [ RunTime:0.000624s ]
INFO: [ app_begin ] --START--
INFO: Run Behavior\ReadHtmlCacheBehavior [ RunTime:0.000918s ]
INFO: [ app_begin ] --END-- [ RunTime:0.001038s ]
SQL: SHOW COLUMNS FROM `goods` [ RunTime:0.0013s ]
SQL: SELECT * FROM `goods` WHERE ( cat_id=7 )  [ RunTime:0.0003s ]
SQL: SELECT * FROM `goods` WHERE ( cat_id=7 ) ORDER BY goods_id desc LIMIT 0,3   [ RunTime:0.0003s ]
ERR: 模板不存在:./Home/View/index/category.html

[ 2016-05-22T17:20:27+08:00 ] 43.225.238.169 /index.php/Home/goods/category/id/7.html
INFO: [ app_init ] --START--
INFO: Run Behavior\BuildLiteBehavior [ RunTime:0.000059s ]
INFO: [ app_init ] --END-- [ RunTime:0.001470s ]
INFO: [ app_begin ] --START--
INFO: Run Behavior\ReadHtmlCacheBehavior [ RunTime:0.001392s ]
INFO: [ app_begin ] --END-- [ RunTime:0.001606s ]
SQL: SHOW COLUMNS FROM `goods` [ RunTime:0.0017s ]
SQL: SELECT * FROM `goods` WHERE ( cat_id=7 )  [ RunTime:0.0003s ]
SQL: SELECT * FROM `goods` WHERE ( cat_id=7 ) ORDER BY goods_id desc LIMIT 0,3   [ RunTime:0.0003s ]
INFO: [ view_parse ] --START--
INFO: [ template_filter ] --START--
INFO: Run Behavior\ContentReplaceBehavior [ RunTime:0.000412s ]
INFO: [ template_filter ] --END-- [ RunTime:0.000649s ]
INFO: Run Behavior\ParseTemplateBehavior [ RunTime:0.038461s ]
INFO: [ view_parse ] --END-- [ RunTime:0.038618s ]
INFO: [ view_filter ] --START--
INFO: Run Behavior\WriteHtmlCacheBehavior [ RunTime:0.000735s ]
INFO: [ view_filter ] --END-- [ RunTime:0.000864s ]
INFO: [ app_end ] --START--
INFO: Run Behavior\ShowPageTraceBehavior [ RunTime:0.002018s ]
INFO: [ app_end ] --END-- [ RunTime:0.002442s ]

[ 2016-05-22T17:20:27+08:00 ] 43.225.238.169 /index.php/Home/goods/category/id/animated_favicon.gif
INFO: [ app_init ] --START--
INFO: Run Behavior\BuildLiteBehavior [ RunTime:0.000048s ]
INFO: [ app_init ] --END-- [ RunTime:0.001184s ]

[ 2016-05-22T17:20:27+08:00 ] 43.225.238.169 /index.php/Home/goods/category/id/favicon.ico
INFO: [ app_init ] --START--
INFO: Run Behavior\BuildLiteBehavior [ RunTime:0.000085s ]
INFO: [ app_init ] --END-- [ RunTime:0.000900s ]

[ 2016-05-22T17:20:34+08:00 ] 43.225.238.169 /index.php/Home/goods/category/id/2.html
INFO: [ app_init ] --START--
INFO: Run Behavior\BuildLiteBehavior [ RunTime:0.000036s ]
INFO: [ app_init ] --END-- [ RunTime:0.000739s ]
INFO: [ app_begin ] --START--
INFO: Run Behavior\ReadHtmlCacheBehavior [ RunTime:0.001007s ]
INFO: [ app_begin ] --END-- [ RunTime:0.001115s ]
SQL: SHOW COLUMNS FROM `goods` [ RunTime:0.0025s ]
SQL: SELECT * FROM `goods` WHERE ( cat_id=2 )  [ RunTime:0.0003s ]
SQL: SELECT * FROM `goods` WHERE ( cat_id=2 ) ORDER BY goods_id desc LIMIT 0,3   [ RunTime:0.0002s ]
INFO: [ view_parse ] --START--
INFO: [ template_filter ] --START--
INFO: Run Behavior\ContentReplaceBehavior [ RunTime:0.000190s ]
INFO: [ template_filter ] --END-- [ RunTime:0.000327s ]
INFO: Run Behavior\ParseTemplateBehavior [ RunTime:0.027884s ]
INFO: [ view_parse ] --END-- [ RunTime:0.028006s ]
INFO: [ view_filter ] --START--
INFO: Run Behavior\WriteHtmlCacheBehavior [ RunTime:0.000586s ]
INFO: [ view_filter ] --END-- [ RunTime:0.000684s ]
INFO: [ app_end ] --START--
INFO: Run Behavior\ShowPageTraceBehavior [ RunTime:0.001980s ]
INFO: [ app_end ] --END-- [ RunTime:0.002098s ]

[ 2016-05-22T17:20:38+08:00 ] 43.225.238.169 /index.php/Home/goods/goods/id/16.html
INFO: [ app_init ] --START--
INFO: Run Behavior\BuildLiteBehavior [ RunTime:0.000031s ]
INFO: [ app_init ] --END-- [ RunTime:0.000846s ]
INFO: [ app_begin ] --START--
INFO: Run Behavior\ReadHtmlCacheBehavior [ RunTime:0.003064s ]
INFO: [ app_begin ] --END-- [ RunTime:0.003245s ]
SQL: SHOW COLUMNS FROM `goods` [ RunTime:0.0014s ]
SQL: SELECT * FROM `goods` WHERE ( goods_id=16 ) LIMIT 1   [ RunTime:0.0006s ]
SQL: SHOW COLUMNS FROM `cat` [ RunTime:0.0008s ]
SQL: SELECT * FROM `cat`  [ RunTime:0.0002s ]
SQL: SELECT * FROM `cat` WHERE ( cat_id=2 ) LIMIT 1   [ RunTime:0.0004s ]
SQL: SELECT * FROM `cat` WHERE ( cat_id=1 ) LIMIT 1   [ RunTime:0.0002s ]
SQL: SHOW COLUMNS FROM `comment` [ RunTime:0.0009s ]
SQL: SELECT * FROM `comment` WHERE ( 1=1 AND goods_id='16' )  [ RunTime:0.0003s ]
INFO: [ view_parse ] --START--
INFO: [ template_filter ] --START--
INFO: Run Behavior\ContentReplaceBehavior [ RunTime:0.000236s ]
INFO: [ template_filter ] --END-- [ RunTime:0.000353s ]
NOTIC: [8] Use of undefined constant cat_id - assumed 'cat_id' /www/web/tpshop_zll_science/public_html/Runtime/Cache/Home/8fcc208460ddce67da9f82f2b511b13a.php 第 78 行.
NOTIC: [8] Use of undefined constant cat_id - assumed 'cat_id' /www/web/tpshop_zll_science/public_html/Runtime/Cache/Home/8fcc208460ddce67da9f82f2b511b13a.php 第 78 行.
INFO: Run Behavior\ParseTemplateBehavior [ RunTime:0.027236s ]
INFO: [ view_parse ] --END-- [ RunTime:0.027342s ]
INFO: [ view_filter ] --START--
INFO: Run Behavior\WriteHtmlCacheBehavior [ RunTime:0.000517s ]
INFO: [ view_filter ] --END-- [ RunTime:0.000628s ]
INFO: [ app_end ] --START--
INFO: Run Behavior\ShowPageTraceBehavior [ RunTime:0.001105s ]
INFO: [ app_end ] --END-- [ RunTime:0.001234s ]

[ 2016-05-22T17:20:39+08:00 ] 43.225.238.169 /index.php/Home/goods/goods/id/animated_favicon.gif
INFO: [ app_init ] --START--
INFO: Run Behavior\BuildLiteBehavior [ RunTime:0.000052s ]
INFO: [ app_init ] --END-- [ RunTime:0.000964s ]

[ 2016-05-22T17:20:39+08:00 ] 43.225.238.169 /index.php/Home/goods/goods/id/favicon.ico
INFO: [ app_init ] --START--
INFO: Run Behavior\BuildLiteBehavior [ RunTime:0.000055s ]
INFO: [ app_init ] --END-- [ RunTime:0.001004s ]

[ 2016-05-22T17:20:43+08:00 ] 43.225.238.169 /index.php/Home/flow/buy/id/16.html
INFO: [ app_init ] --START--
INFO: Run Behavior\BuildLiteBehavior [ RunTime:0.000048s ]
INFO: [ app_init ] --END-- [ RunTime:0.000811s ]
INFO: [ app_begin ] --START--
INFO: Run Behavior\ReadHtmlCacheBehavior [ RunTime:0.000989s ]
INFO: [ app_begin ] --END-- [ RunTime:0.001092s ]
SQL: SHOW COLUMNS FROM `goods` [ RunTime:0.0015s ]
SQL: SELECT `goods_id`,`goods_name`,`shop_price` FROM `goods` WHERE ( goods_id=16 ) LIMIT 1   [ RunTime:0.0004s ]

[ 2016-05-22T17:20:43+08:00 ] 43.225.238.169 /index.php/Home/Flow/flow_cart.html
INFO: [ app_init ] --START--
INFO: Run Behavior\BuildLiteBehavior [ RunTime:0.000034s ]
INFO: [ app_init ] --END-- [ RunTime:0.000800s ]
INFO: [ app_begin ] --START--
INFO: Run Behavior\ReadHtmlCacheBehavior [ RunTime:0.001483s ]
INFO: [ app_begin ] --END-- [ RunTime:0.001616s ]
INFO: [ view_parse ] --START--
INFO: [ template_filter ] --START--
INFO: Run Behavior\ContentReplaceBehavior [ RunTime:0.000240s ]
INFO: [ template_filter ] --END-- [ RunTime:0.000539s ]
INFO: Run Behavior\ParseTemplateBehavior [ RunTime:0.025801s ]
INFO: [ view_parse ] --END-- [ RunTime:0.025974s ]
INFO: [ view_filter ] --START--
INFO: Run Behavior\WriteHtmlCacheBehavior [ RunTime:0.000837s ]
INFO: [ view_filter ] --END-- [ RunTime:0.000973s ]
INFO: [ app_end ] --START--
INFO: Run Behavior\ShowPageTraceBehavior [ RunTime:0.001595s ]
INFO: [ app_end ] --END-- [ RunTime:0.001809s ]

[ 2016-05-22T17:20:43+08:00 ] 43.225.238.169 /index.php/Home/Flow/animated_favicon.gif
INFO: [ app_init ] --START--
INFO: Run Behavior\BuildLiteBehavior [ RunTime:0.000060s ]
INFO: [ app_init ] --END-- [ RunTime:0.001050s ]

[ 2016-05-22T17:20:43+08:00 ] 43.225.238.169 /index.php/Home/Flow/favicon.ico
INFO: [ app_init ] --START--
INFO: Run Behavior\BuildLiteBehavior [ RunTime:0.000035s ]
INFO: [ app_init ] --END-- [ RunTime:0.000787s ]

[ 2016-05-22T17:20:45+08:00 ] 43.225.238.169 /index.php/home/index/index.html
INFO: [ app_init ] --START--
INFO: Run Behavior\BuildLiteBehavior [ RunTime:0.000036s ]
INFO: [ app_init ] --END-- [ RunTime:0.000839s ]
INFO: [ app_begin ] --START--
INFO: Run Behavior\ReadHtmlCacheBehavior [ RunTime:0.001118s ]
INFO: [ app_begin ] --END-- [ RunTime:0.001229s ]
SQL: SHOW COLUMNS FROM `cat` [ RunTime:0.0015s ]
SQL: SELECT * FROM `cat`  [ RunTime:0.0004s ]
SQL: SHOW COLUMNS FROM `goods` [ RunTime:0.0013s ]
SQL: SELECT * FROM `goods` WHERE `is_hot` = 1 ORDER BY goods_id desc LIMIT 0,3   [ RunTime:0.0004s ]
ERR: 模板不存在:./Home/View/Index/index.html

[ 2016-05-22T17:22:22+08:00 ] 43.225.238.169 /index.php/home/index/index.html
INFO: [ app_init ] --START--
INFO: Run Behavior\BuildLiteBehavior [ RunTime:0.000037s ]
INFO: [ app_init ] --END-- [ RunTime:0.000906s ]
INFO: [ app_begin ] --START--
INFO: Run Behavior\ReadHtmlCacheBehavior [ RunTime:0.001276s ]
INFO: [ app_begin ] --END-- [ RunTime:0.001413s ]
SQL: SHOW COLUMNS FROM `cat` [ RunTime:0.0012s ]
SQL: SELECT * FROM `cat`  [ RunTime:0.0002s ]
SQL: SHOW COLUMNS FROM `goods` [ RunTime:0.0024s ]
SQL: SELECT * FROM `goods` WHERE `is_hot` = 1 ORDER BY goods_id desc LIMIT 0,3   [ RunTime:0.0004s ]
ERR: 模板不存在:./Home/View/Index/index.html

