[ 2016-05-22T16:49:08+08:00 ] ::1 /3.29/index.php/admin/index/index
INFO: [ app_init ] --START--
INFO: Run Behavior\BuildLiteBehavior [ RunTime:0.000000s ]
INFO: [ app_init ] --END-- [ RunTime:0.086005s ]
INFO: [ app_begin ] --START--
INFO: Run Behavior\ReadHtmlCacheBehavior [ RunTime:0.002000s ]
INFO: [ app_begin ] --END-- [ RunTime:0.002000s ]
INFO: [ view_parse ] --START--
INFO: [ template_filter ] --START--
INFO: Run Behavior\ContentReplaceBehavior [ RunTime:0.001001s ]
INFO: [ template_filter ] --END-- [ RunTime:0.001001s ]
INFO: Run Behavior\ParseTemplateBehavior [ RunTime:0.055003s ]
INFO: [ view_parse ] --END-- [ RunTime:0.056003s ]
INFO: [ view_filter ] --START--
INFO: Run Behavior\WriteHtmlCacheBehavior [ RunTime:0.001000s ]
INFO: [ view_filter ] --END-- [ RunTime:0.001000s ]
INFO: [ app_end ] --START--
INFO: Run Behavior\ShowPageTraceBehavior [ RunTime:0.026002s ]
INFO: [ app_end ] --END-- [ RunTime:0.027002s ]

[ 2016-05-22T16:49:08+08:00 ] ::1 /3.29/index.php/admin/index/top.html
INFO: [ app_init ] --START--
INFO: Run Behavior\BuildLiteBehavior [ RunTime:0.000000s ]
INFO: [ app_init ] --END-- [ RunTime:0.001000s ]
INFO: [ app_begin ] --START--
INFO: Run Behavior\ReadHtmlCacheBehavior [ RunTime:0.001000s ]
INFO: [ app_begin ] --END-- [ RunTime:0.002000s ]
INFO: [ view_parse ] --START--
INFO: [ template_filter ] --START--
INFO: Run Behavior\ContentReplaceBehavior [ RunTime:0.000000s ]
INFO: [ template_filter ] --END-- [ RunTime:0.000000s ]
INFO: Run Behavior\ParseTemplateBehavior [ RunTime:0.061003s ]
INFO: [ view_parse ] --END-- [ RunTime:0.062003s ]
INFO: [ view_filter ] --START--
INFO: Run Behavior\WriteHtmlCacheBehavior [ RunTime:0.000000s ]
INFO: [ view_filter ] --END-- [ RunTime:0.000000s ]
INFO: [ app_end ] --START--
INFO: Run Behavior\ShowPageTraceBehavior [ RunTime:0.001000s ]
INFO: [ app_end ] --END-- [ RunTime:0.001000s ]

[ 2016-05-22T16:49:09+08:00 ] ::1 /3.29/index.php/admin/index/drag.html
INFO: [ app_init ] --START--
INFO: Run Behavior\BuildLiteBehavior [ RunTime:0.000000s ]
INFO: [ app_init ] --END-- [ RunTime:0.001000s ]
INFO: [ app_begin ] --START--
INFO: Run Behavior\ReadHtmlCacheBehavior [ RunTime:0.002000s ]
INFO: [ app_begin ] --END-- [ RunTime:0.002000s ]
INFO: [ view_parse ] --START--
INFO: [ template_filter ] --START--
INFO: Run Behavior\ContentReplaceBehavior [ RunTime:0.000000s ]
INFO: [ template_filter ] --END-- [ RunTime:0.000000s ]
INFO: Run Behavior\ParseTemplateBehavior [ RunTime:0.045002s ]
INFO: [ view_parse ] --END-- [ RunTime:0.046002s ]
INFO: [ view_filter ] --START--
INFO: Run Behavior\WriteHtmlCacheBehavior [ RunTime:0.001000s ]
INFO: [ view_filter ] --END-- [ RunTime:0.001000s ]
INFO: [ app_end ] --START--
INFO: Run Behavior\ShowPageTraceBehavior [ RunTime:0.001000s ]
INFO: [ app_end ] --END-- [ RunTime:0.001000s ]

[ 2016-05-22T16:49:09+08:00 ] ::1 /3.29/index.php/admin/index/left.html
INFO: [ app_init ] --START--
INFO: Run Behavior\BuildLiteBehavior [ RunTime:0.000000s ]
INFO: [ app_init ] --END-- [ RunTime:0.001000s ]
INFO: [ app_begin ] --START--
INFO: Run Behavior\ReadHtmlCacheBehavior [ RunTime:0.001001s ]
INFO: [ app_begin ] --END-- [ RunTime:0.001001s ]
INFO: [ view_parse ] --START--
INFO: [ template_filter ] --START--
INFO: Run Behavior\ContentReplaceBehavior [ RunTime:0.001000s ]
INFO: [ template_filter ] --END-- [ RunTime:0.001000s ]
INFO: Run Behavior\ParseTemplateBehavior [ RunTime:0.175010s ]
INFO: [ view_parse ] --END-- [ RunTime:0.175010s ]
INFO: [ view_filter ] --START--
INFO: Run Behavior\WriteHtmlCacheBehavior [ RunTime:0.000000s ]
INFO: [ view_filter ] --END-- [ RunTime:0.000000s ]
INFO: [ app_end ] --START--
INFO: Run Behavior\ShowPageTraceBehavior [ RunTime:0.001000s ]
INFO: [ app_end ] --END-- [ RunTime:0.002000s ]

[ 2016-05-22T16:49:09+08:00 ] ::1 /3.29/index.php/admin/index/main.html
INFO: [ app_init ] --START--
INFO: Run Behavior\BuildLiteBehavior [ RunTime:0.000000s ]
INFO: [ app_init ] --END-- [ RunTime:0.001000s ]
INFO: [ app_begin ] --START--
INFO: Run Behavior\ReadHtmlCacheBehavior [ RunTime:0.001001s ]
INFO: [ app_begin ] --END-- [ RunTime:0.001001s ]
INFO: [ view_parse ] --START--
INFO: [ template_filter ] --START--
INFO: Run Behavior\ContentReplaceBehavior [ RunTime:0.000000s ]
INFO: [ template_filter ] --END-- [ RunTime:0.000000s ]
INFO: Run Behavior\ParseTemplateBehavior [ RunTime:0.046003s ]
INFO: [ view_parse ] --END-- [ RunTime:0.046003s ]
INFO: [ view_filter ] --START--
INFO: Run Behavior\WriteHtmlCacheBehavior [ RunTime:0.002000s ]
INFO: [ view_filter ] --END-- [ RunTime:0.002000s ]
INFO: [ app_end ] --START--
INFO: Run Behavior\ShowPageTraceBehavior [ RunTime:0.009000s ]
INFO: [ app_end ] --END-- [ RunTime:0.009000s ]

[ 2016-05-22T16:49:14+08:00 ] ::1 /3.29/index.php/Admin/goods/goodslist.html
INFO: [ app_init ] --START--
INFO: Run Behavior\BuildLiteBehavior [ RunTime:0.000000s ]
INFO: [ app_init ] --END-- [ RunTime:0.000000s ]
INFO: [ app_begin ] --START--
INFO: Run Behavior\ReadHtmlCacheBehavior [ RunTime:0.001000s ]
INFO: [ app_begin ] --END-- [ RunTime:0.001000s ]
SQL: SHOW COLUMNS FROM `goods` [ RunTime:0.8560s ]
SQL: SELECT COUNT(*) AS tp_count FROM `goods` LIMIT 1   [ RunTime:0.0320s ]
ERR: 1054:Unknown column 'is_del' in 'where clause'
 [ SQL语句 ] : SELECT `goods_id`,`goods_name`,`goods_sn`,`shop_price`,`is_best`,`is_new`,`is_hot`,`goods_number` FROM `goods` WHERE ( is_del=0 ) ORDER BY goods_id desc LIMIT 0,2  
ERR: 1054:Unknown column 'is_del' in 'where clause'
 [ SQL语句 ] : SELECT `goods_id`,`goods_name`,`goods_sn`,`shop_price`,`is_best`,`is_new`,`is_hot`,`goods_number` FROM `goods` WHERE ( is_del=0 ) ORDER BY goods_id desc LIMIT 0,2  

[ 2016-05-22T16:49:39+08:00 ] ::1 /3.29/index.php/Admin/goods/goodsadd.html
INFO: [ app_init ] --START--
INFO: Run Behavior\BuildLiteBehavior [ RunTime:0.000000s ]
INFO: [ app_init ] --END-- [ RunTime:0.001000s ]
INFO: [ app_begin ] --START--
INFO: Run Behavior\ReadHtmlCacheBehavior [ RunTime:0.002000s ]
INFO: [ app_begin ] --END-- [ RunTime:0.002000s ]
SQL: SHOW COLUMNS FROM `goods` [ RunTime:0.0040s ]
SQL: SHOW COLUMNS FROM `cat` [ RunTime:0.1740s ]
SQL: SELECT * FROM `cat`  [ RunTime:0.0010s ]
INFO: [ view_parse ] --START--
INFO: [ template_filter ] --START--
INFO: Run Behavior\ContentReplaceBehavior [ RunTime:0.000000s ]
INFO: [ template_filter ] --END-- [ RunTime:0.000000s ]
INFO: Run Behavior\ParseTemplateBehavior [ RunTime:0.244014s ]
INFO: [ view_parse ] --END-- [ RunTime:0.244014s ]
INFO: [ view_filter ] --START--
INFO: Run Behavior\WriteHtmlCacheBehavior [ RunTime:0.001000s ]
INFO: [ view_filter ] --END-- [ RunTime:0.001000s ]
INFO: [ app_end ] --START--
INFO: Run Behavior\ShowPageTraceBehavior [ RunTime:0.002001s ]
INFO: [ app_end ] --END-- [ RunTime:0.002001s ]

[ 2016-05-22T16:49:42+08:00 ] ::1 /3.29/index.php/Admin/cat/catlist.html
INFO: [ app_init ] --START--
INFO: Run Behavior\BuildLiteBehavior [ RunTime:0.001000s ]
INFO: [ app_init ] --END-- [ RunTime:0.001000s ]
INFO: [ app_begin ] --START--
INFO: Run Behavior\ReadHtmlCacheBehavior [ RunTime:0.001000s ]
INFO: [ app_begin ] --END-- [ RunTime:0.002000s ]
SQL: SHOW COLUMNS FROM `cat` [ RunTime:0.0040s ]
SQL: SELECT * FROM `cat`  [ RunTime:0.0010s ]
INFO: [ view_parse ] --START--
INFO: [ template_filter ] --START--
INFO: Run Behavior\ContentReplaceBehavior [ RunTime:0.000000s ]
INFO: [ template_filter ] --END-- [ RunTime:0.000000s ]
NOTIC: [8] Use of undefined constant cat_id - assumed 'cat_id' D:\xampp\htdocs\3.29\Runtime\Cache\Admin\27d4c96070c9c5b16dcf99f56341c448.php 第 47 行.
NOTIC: [8] Use of undefined constant cat_id - assumed 'cat_id' D:\xampp\htdocs\3.29\Runtime\Cache\Admin\27d4c96070c9c5b16dcf99f56341c448.php 第 48 行.
NOTIC: [8] Use of undefined constant cat_id - assumed 'cat_id' D:\xampp\htdocs\3.29\Runtime\Cache\Admin\27d4c96070c9c5b16dcf99f56341c448.php 第 47 行.
NOTIC: [8] Use of undefined constant cat_id - assumed 'cat_id' D:\xampp\htdocs\3.29\Runtime\Cache\Admin\27d4c96070c9c5b16dcf99f56341c448.php 第 48 行.
NOTIC: [8] Use of undefined constant cat_id - assumed 'cat_id' D:\xampp\htdocs\3.29\Runtime\Cache\Admin\27d4c96070c9c5b16dcf99f56341c448.php 第 47 行.
NOTIC: [8] Use of undefined constant cat_id - assumed 'cat_id' D:\xampp\htdocs\3.29\Runtime\Cache\Admin\27d4c96070c9c5b16dcf99f56341c448.php 第 48 行.
NOTIC: [8] Use of undefined constant cat_id - assumed 'cat_id' D:\xampp\htdocs\3.29\Runtime\Cache\Admin\27d4c96070c9c5b16dcf99f56341c448.php 第 47 行.
NOTIC: [8] Use of undefined constant cat_id - assumed 'cat_id' D:\xampp\htdocs\3.29\Runtime\Cache\Admin\27d4c96070c9c5b16dcf99f56341c448.php 第 48 行.
NOTIC: [8] Use of undefined constant cat_id - assumed 'cat_id' D:\xampp\htdocs\3.29\Runtime\Cache\Admin\27d4c96070c9c5b16dcf99f56341c448.php 第 47 行.
NOTIC: [8] Use of undefined constant cat_id - assumed 'cat_id' D:\xampp\htdocs\3.29\Runtime\Cache\Admin\27d4c96070c9c5b16dcf99f56341c448.php 第 48 行.
NOTIC: [8] Use of undefined constant cat_id - assumed 'cat_id' D:\xampp\htdocs\3.29\Runtime\Cache\Admin\27d4c96070c9c5b16dcf99f56341c448.php 第 47 行.
NOTIC: [8] Use of undefined constant cat_id - assumed 'cat_id' D:\xampp\htdocs\3.29\Runtime\Cache\Admin\27d4c96070c9c5b16dcf99f56341c448.php 第 48 行.
NOTIC: [8] Use of undefined constant cat_id - assumed 'cat_id' D:\xampp\htdocs\3.29\Runtime\Cache\Admin\27d4c96070c9c5b16dcf99f56341c448.php 第 47 行.
NOTIC: [8] Use of undefined constant cat_id - assumed 'cat_id' D:\xampp\htdocs\3.29\Runtime\Cache\Admin\27d4c96070c9c5b16dcf99f56341c448.php 第 48 行.
NOTIC: [8] Use of undefined constant cat_id - assumed 'cat_id' D:\xampp\htdocs\3.29\Runtime\Cache\Admin\27d4c96070c9c5b16dcf99f56341c448.php 第 47 行.
NOTIC: [8] Use of undefined constant cat_id - assumed 'cat_id' D:\xampp\htdocs\3.29\Runtime\Cache\Admin\27d4c96070c9c5b16dcf99f56341c448.php 第 48 行.
NOTIC: [8] Use of undefined constant cat_id - assumed 'cat_id' D:\xampp\htdocs\3.29\Runtime\Cache\Admin\27d4c96070c9c5b16dcf99f56341c448.php 第 47 行.
NOTIC: [8] Use of undefined constant cat_id - assumed 'cat_id' D:\xampp\htdocs\3.29\Runtime\Cache\Admin\27d4c96070c9c5b16dcf99f56341c448.php 第 48 行.
NOTIC: [8] Use of undefined constant cat_id - assumed 'cat_id' D:\xampp\htdocs\3.29\Runtime\Cache\Admin\27d4c96070c9c5b16dcf99f56341c448.php 第 47 行.
NOTIC: [8] Use of undefined constant cat_id - assumed 'cat_id' D:\xampp\htdocs\3.29\Runtime\Cache\Admin\27d4c96070c9c5b16dcf99f56341c448.php 第 48 行.
NOTIC: [8] Use of undefined constant cat_id - assumed 'cat_id' D:\xampp\htdocs\3.29\Runtime\Cache\Admin\27d4c96070c9c5b16dcf99f56341c448.php 第 47 行.
NOTIC: [8] Use of undefined constant cat_id - assumed 'cat_id' D:\xampp\htdocs\3.29\Runtime\Cache\Admin\27d4c96070c9c5b16dcf99f56341c448.php 第 48 行.
NOTIC: [8] Use of undefined constant cat_id - assumed 'cat_id' D:\xampp\htdocs\3.29\Runtime\Cache\Admin\27d4c96070c9c5b16dcf99f56341c448.php 第 47 行.
NOTIC: [8] Use of undefined constant cat_id - assumed 'cat_id' D:\xampp\htdocs\3.29\Runtime\Cache\Admin\27d4c96070c9c5b16dcf99f56341c448.php 第 48 行.
NOTIC: [8] Use of undefined constant cat_id - assumed 'cat_id' D:\xampp\htdocs\3.29\Runtime\Cache\Admin\27d4c96070c9c5b16dcf99f56341c448.php 第 47 行.
NOTIC: [8] Use of undefined constant cat_id - assumed 'cat_id' D:\xampp\htdocs\3.29\Runtime\Cache\Admin\27d4c96070c9c5b16dcf99f56341c448.php 第 48 行.
NOTIC: [8] Use of undefined constant cat_id - assumed 'cat_id' D:\xampp\htdocs\3.29\Runtime\Cache\Admin\27d4c96070c9c5b16dcf99f56341c448.php 第 47 行.
NOTIC: [8] Use of undefined constant cat_id - assumed 'cat_id' D:\xampp\htdocs\3.29\Runtime\Cache\Admin\27d4c96070c9c5b16dcf99f56341c448.php 第 48 行.
NOTIC: [8] Use of undefined constant cat_id - assumed 'cat_id' D:\xampp\htdocs\3.29\Runtime\Cache\Admin\27d4c96070c9c5b16dcf99f56341c448.php 第 47 行.
NOTIC: [8] Use of undefined constant cat_id - assumed 'cat_id' D:\xampp\htdocs\3.29\Runtime\Cache\Admin\27d4c96070c9c5b16dcf99f56341c448.php 第 48 行.
INFO: Run Behavior\ParseTemplateBehavior [ RunTime:0.016001s ]
INFO: [ view_parse ] --END-- [ RunTime:0.016001s ]
INFO: [ view_filter ] --START--
INFO: Run Behavior\WriteHtmlCacheBehavior [ RunTime:0.001000s ]
INFO: [ view_filter ] --END-- [ RunTime:0.001000s ]
INFO: [ app_end ] --START--
INFO: Run Behavior\ShowPageTraceBehavior [ RunTime:0.002000s ]
INFO: [ app_end ] --END-- [ RunTime:0.002000s ]

[ 2016-05-22T16:49:47+08:00 ] ::1 /3.29/index.php/admin/index/left.html
INFO: [ app_init ] --START--
INFO: Run Behavior\BuildLiteBehavior [ RunTime:0.000000s ]
INFO: [ app_init ] --END-- [ RunTime:0.001000s ]
INFO: [ app_begin ] --START--
INFO: Run Behavior\ReadHtmlCacheBehavior [ RunTime:0.001000s ]
INFO: [ app_begin ] --END-- [ RunTime:0.001000s ]
INFO: [ view_parse ] --START--
INFO: [ template_filter ] --START--
INFO: Run Behavior\ContentReplaceBehavior [ RunTime:0.000000s ]
INFO: [ template_filter ] --END-- [ RunTime:0.000000s ]
INFO: Run Behavior\ParseTemplateBehavior [ RunTime:0.011001s ]
INFO: [ view_parse ] --END-- [ RunTime:0.011001s ]
INFO: [ view_filter ] --START--
INFO: Run Behavior\WriteHtmlCacheBehavior [ RunTime:0.001000s ]
INFO: [ view_filter ] --END-- [ RunTime:0.001000s ]
INFO: [ app_end ] --START--
INFO: Run Behavior\ShowPageTraceBehavior [ RunTime:0.001000s ]
INFO: [ app_end ] --END-- [ RunTime:0.001000s ]

[ 2016-05-22T16:49:49+08:00 ] ::1 /3.29/index.php/Admin/goods/goodslist.html
INFO: [ app_init ] --START--
INFO: Run Behavior\BuildLiteBehavior [ RunTime:0.000000s ]
INFO: [ app_init ] --END-- [ RunTime:0.000000s ]
INFO: [ app_begin ] --START--
INFO: Run Behavior\ReadHtmlCacheBehavior [ RunTime:0.001000s ]
INFO: [ app_begin ] --END-- [ RunTime:0.001000s ]
SQL: SHOW COLUMNS FROM `goods` [ RunTime:0.0040s ]
SQL: SELECT COUNT(*) AS tp_count FROM `goods` LIMIT 1   [ RunTime:0.0010s ]
ERR: 1054:Unknown column 'is_del' in 'where clause'
 [ SQL语句 ] : SELECT `goods_id`,`goods_name`,`goods_sn`,`shop_price`,`is_best`,`is_new`,`is_hot`,`goods_number` FROM `goods` WHERE ( is_del=0 ) ORDER BY goods_id desc LIMIT 0,2  
ERR: 1054:Unknown column 'is_del' in 'where clause'
 [ SQL语句 ] : SELECT `goods_id`,`goods_name`,`goods_sn`,`shop_price`,`is_best`,`is_new`,`is_hot`,`goods_number` FROM `goods` WHERE ( is_del=0 ) ORDER BY goods_id desc LIMIT 0,2  

[ 2016-05-22T16:49:51+08:00 ] ::1 /3.29/index.php/Admin/goods/goodslist.html
INFO: [ app_init ] --START--
INFO: Run Behavior\BuildLiteBehavior [ RunTime:0.000000s ]
INFO: [ app_init ] --END-- [ RunTime:0.001000s ]
INFO: [ app_begin ] --START--
INFO: Run Behavior\ReadHtmlCacheBehavior [ RunTime:0.001001s ]
INFO: [ app_begin ] --END-- [ RunTime:0.001001s ]
SQL: SHOW COLUMNS FROM `goods` [ RunTime:0.0040s ]
SQL: SELECT COUNT(*) AS tp_count FROM `goods` LIMIT 1   [ RunTime:0.0000s ]
ERR: 1054:Unknown column 'is_del' in 'where clause'
 [ SQL语句 ] : SELECT `goods_id`,`goods_name`,`goods_sn`,`shop_price`,`is_best`,`is_new`,`is_hot`,`goods_number` FROM `goods` WHERE ( is_del=0 ) ORDER BY goods_id desc LIMIT 0,2  
ERR: 1054:Unknown column 'is_del' in 'where clause'
 [ SQL语句 ] : SELECT `goods_id`,`goods_name`,`goods_sn`,`shop_price`,`is_best`,`is_new`,`is_hot`,`goods_number` FROM `goods` WHERE ( is_del=0 ) ORDER BY goods_id desc LIMIT 0,2  

[ 2016-05-22T16:53:26+08:00 ] ::1 /3.29/index.php/admin/index/index
INFO: [ app_init ] --START--
INFO: Run Behavior\BuildLiteBehavior [ RunTime:0.000000s ]
INFO: [ app_init ] --END-- [ RunTime:0.001000s ]
INFO: [ app_begin ] --START--
INFO: Run Behavior\ReadHtmlCacheBehavior [ RunTime:0.001000s ]
INFO: [ app_begin ] --END-- [ RunTime:0.002000s ]
INFO: [ view_parse ] --START--
INFO: [ template_filter ] --START--
INFO: Run Behavior\ContentReplaceBehavior [ RunTime:0.000000s ]
INFO: [ template_filter ] --END-- [ RunTime:0.000000s ]
INFO: Run Behavior\ParseTemplateBehavior [ RunTime:0.012000s ]
INFO: [ view_parse ] --END-- [ RunTime:0.012000s ]
INFO: [ view_filter ] --START--
INFO: Run Behavior\WriteHtmlCacheBehavior [ RunTime:0.000000s ]
INFO: [ view_filter ] --END-- [ RunTime:0.000000s ]
INFO: [ app_end ] --START--
INFO: Run Behavior\ShowPageTraceBehavior [ RunTime:0.001000s ]
INFO: [ app_end ] --END-- [ RunTime:0.001000s ]

[ 2016-05-22T16:53:26+08:00 ] ::1 /3.29/index.php/admin/index/top.html
INFO: [ app_init ] --START--
INFO: Run Behavior\BuildLiteBehavior [ RunTime:0.000000s ]
INFO: [ app_init ] --END-- [ RunTime:0.001000s ]
INFO: [ app_begin ] --START--
INFO: Run Behavior\ReadHtmlCacheBehavior [ RunTime:0.001000s ]
INFO: [ app_begin ] --END-- [ RunTime:0.001000s ]
INFO: [ view_parse ] --START--
INFO: [ template_filter ] --START--
INFO: Run Behavior\ContentReplaceBehavior [ RunTime:0.000000s ]
INFO: [ template_filter ] --END-- [ RunTime:0.000000s ]
INFO: Run Behavior\ParseTemplateBehavior [ RunTime:0.013001s ]
INFO: [ view_parse ] --END-- [ RunTime:0.013001s ]
INFO: [ view_filter ] --START--
INFO: Run Behavior\WriteHtmlCacheBehavior [ RunTime:0.001000s ]
INFO: [ view_filter ] --END-- [ RunTime:0.001000s ]
INFO: [ app_end ] --START--
INFO: Run Behavior\ShowPageTraceBehavior [ RunTime:0.001000s ]
INFO: [ app_end ] --END-- [ RunTime:0.001000s ]

[ 2016-05-22T16:53:26+08:00 ] ::1 /3.29/index.php/admin/index/main.html
INFO: [ app_init ] --START--
INFO: Run Behavior\BuildLiteBehavior [ RunTime:0.000000s ]
INFO: [ app_init ] --END-- [ RunTime:0.000000s ]
INFO: [ app_begin ] --START--
INFO: Run Behavior\ReadHtmlCacheBehavior [ RunTime:0.003001s ]
INFO: [ app_begin ] --END-- [ RunTime:0.003001s ]
INFO: [ view_parse ] --START--
INFO: [ template_filter ] --START--
INFO: Run Behavior\ContentReplaceBehavior [ RunTime:0.000000s ]
INFO: [ template_filter ] --END-- [ RunTime:0.001000s ]
INFO: Run Behavior\ParseTemplateBehavior [ RunTime:0.013000s ]
INFO: [ view_parse ] --END-- [ RunTime:0.013000s ]
INFO: [ view_filter ] --START--
INFO: Run Behavior\WriteHtmlCacheBehavior [ RunTime:0.001001s ]
INFO: [ view_filter ] --END-- [ RunTime:0.001001s ]
INFO: [ app_end ] --START--
INFO: Run Behavior\ShowPageTraceBehavior [ RunTime:0.001000s ]
INFO: [ app_end ] --END-- [ RunTime:0.001000s ]

[ 2016-05-22T16:53:26+08:00 ] ::1 /3.29/index.php/admin/index/left.html
INFO: [ app_init ] --START--
INFO: Run Behavior\BuildLiteBehavior [ RunTime:0.000000s ]
INFO: [ app_init ] --END-- [ RunTime:0.001000s ]
INFO: [ app_begin ] --START--
INFO: Run Behavior\ReadHtmlCacheBehavior [ RunTime:0.001000s ]
INFO: [ app_begin ] --END-- [ RunTime:0.001000s ]
INFO: [ view_parse ] --START--
INFO: [ template_filter ] --START--
INFO: Run Behavior\ContentReplaceBehavior [ RunTime:0.000000s ]
INFO: [ template_filter ] --END-- [ RunTime:0.000000s ]
INFO: Run Behavior\ParseTemplateBehavior [ RunTime:0.044003s ]
INFO: [ view_parse ] --END-- [ RunTime:0.044003s ]
INFO: [ view_filter ] --START--
INFO: Run Behavior\WriteHtmlCacheBehavior [ RunTime:0.001000s ]
INFO: [ view_filter ] --END-- [ RunTime:0.001000s ]
INFO: [ app_end ] --START--
INFO: Run Behavior\ShowPageTraceBehavior [ RunTime:0.016001s ]
INFO: [ app_end ] --END-- [ RunTime:0.016001s ]

[ 2016-05-22T16:53:26+08:00 ] ::1 /3.29/index.php/admin/index/drag.html
INFO: [ app_init ] --START--
INFO: Run Behavior\BuildLiteBehavior [ RunTime:0.001000s ]
INFO: [ app_init ] --END-- [ RunTime:0.007000s ]
INFO: [ app_begin ] --START--
INFO: Run Behavior\ReadHtmlCacheBehavior [ RunTime:0.002001s ]
INFO: [ app_begin ] --END-- [ RunTime:0.002001s ]
INFO: [ view_parse ] --START--
INFO: [ template_filter ] --START--
INFO: Run Behavior\ContentReplaceBehavior [ RunTime:0.000000s ]
INFO: [ template_filter ] --END-- [ RunTime:0.001000s ]
INFO: Run Behavior\ParseTemplateBehavior [ RunTime:0.019002s ]
INFO: [ view_parse ] --END-- [ RunTime:0.019002s ]
INFO: [ view_filter ] --START--
INFO: Run Behavior\WriteHtmlCacheBehavior [ RunTime:0.002000s ]
INFO: [ view_filter ] --END-- [ RunTime:0.002000s ]
INFO: [ app_end ] --START--
INFO: Run Behavior\ShowPageTraceBehavior [ RunTime:0.001000s ]
INFO: [ app_end ] --END-- [ RunTime:0.001000s ]

[ 2016-05-22T16:53:31+08:00 ] ::1 /3.29/index.php/Admin/goods/goodslist.html
INFO: [ app_init ] --START--
INFO: Run Behavior\BuildLiteBehavior [ RunTime:0.000000s ]
INFO: [ app_init ] --END-- [ RunTime:0.001000s ]
INFO: [ app_begin ] --START--
INFO: Run Behavior\ReadHtmlCacheBehavior [ RunTime:0.001000s ]
INFO: [ app_begin ] --END-- [ RunTime:0.001000s ]
SQL: SHOW COLUMNS FROM `goods` [ RunTime:0.0130s ]
SQL: SELECT COUNT(*) AS tp_count FROM `goods` LIMIT 1   [ RunTime:0.0000s ]
ERR: 1054:Unknown column 'is_del' in 'where clause'
 [ SQL语句 ] : SELECT `goods_id`,`goods_name`,`goods_sn`,`shop_price`,`is_best`,`is_new`,`is_hot`,`goods_number` FROM `goods` WHERE ( is_del=0 ) ORDER BY goods_id desc LIMIT 0,2  
ERR: 1054:Unknown column 'is_del' in 'where clause'
 [ SQL语句 ] : SELECT `goods_id`,`goods_name`,`goods_sn`,`shop_price`,`is_best`,`is_new`,`is_hot`,`goods_number` FROM `goods` WHERE ( is_del=0 ) ORDER BY goods_id desc LIMIT 0,2  

[ 2016-05-22T16:53:35+08:00 ] ::1 /3.29/index.php/Admin/goods/goodsadd.html
INFO: [ app_init ] --START--
INFO: Run Behavior\BuildLiteBehavior [ RunTime:0.000000s ]
INFO: [ app_init ] --END-- [ RunTime:0.001000s ]
INFO: [ app_begin ] --START--
INFO: Run Behavior\ReadHtmlCacheBehavior [ RunTime:0.001000s ]
INFO: [ app_begin ] --END-- [ RunTime:0.001000s ]
SQL: SHOW COLUMNS FROM `goods` [ RunTime:0.0050s ]
SQL: SHOW COLUMNS FROM `cat` [ RunTime:0.0040s ]
SQL: SELECT * FROM `cat`  [ RunTime:0.0000s ]
INFO: [ view_parse ] --START--
INFO: [ template_filter ] --START--
INFO: Run Behavior\ContentReplaceBehavior [ RunTime:0.000000s ]
INFO: [ template_filter ] --END-- [ RunTime:0.000000s ]
INFO: Run Behavior\ParseTemplateBehavior [ RunTime:0.016001s ]
INFO: [ view_parse ] --END-- [ RunTime:0.016001s ]
INFO: [ view_filter ] --START--
INFO: Run Behavior\WriteHtmlCacheBehavior [ RunTime:0.001000s ]
INFO: [ view_filter ] --END-- [ RunTime:0.001000s ]
INFO: [ app_end ] --START--
INFO: Run Behavior\ShowPageTraceBehavior [ RunTime:0.001000s ]
INFO: [ app_end ] --END-- [ RunTime:0.001000s ]

[ 2016-05-22T16:55:58+08:00 ] ::1 /3.29/index.php/admin/index/index
INFO: [ app_init ] --START--
INFO: Run Behavior\BuildLiteBehavior [ RunTime:0.000000s ]
INFO: [ app_init ] --END-- [ RunTime:0.000000s ]
INFO: [ app_begin ] --START--
INFO: Run Behavior\ReadHtmlCacheBehavior [ RunTime:0.002000s ]
INFO: [ app_begin ] --END-- [ RunTime:0.002000s ]
INFO: [ view_parse ] --START--
INFO: [ template_filter ] --START--
INFO: Run Behavior\ContentReplaceBehavior [ RunTime:0.000000s ]
INFO: [ template_filter ] --END-- [ RunTime:0.000000s ]
INFO: Run Behavior\ParseTemplateBehavior [ RunTime:0.013001s ]
INFO: [ view_parse ] --END-- [ RunTime:0.013001s ]
INFO: [ view_filter ] --START--
INFO: Run Behavior\WriteHtmlCacheBehavior [ RunTime:0.001000s ]
INFO: [ view_filter ] --END-- [ RunTime:0.001000s ]
INFO: [ app_end ] --START--
INFO: Run Behavior\ShowPageTraceBehavior [ RunTime:0.001000s ]
INFO: [ app_end ] --END-- [ RunTime:0.001000s ]

[ 2016-05-22T16:55:58+08:00 ] ::1 /3.29/index.php/admin/index/drag.html
INFO: [ app_init ] --START--
INFO: Run Behavior\BuildLiteBehavior [ RunTime:0.000000s ]
INFO: [ app_init ] --END-- [ RunTime:0.000000s ]
INFO: [ app_begin ] --START--
INFO: Run Behavior\ReadHtmlCacheBehavior [ RunTime:0.001000s ]
INFO: [ app_begin ] --END-- [ RunTime:0.001000s ]
INFO: [ view_parse ] --START--
INFO: [ template_filter ] --START--
INFO: Run Behavior\ContentReplaceBehavior [ RunTime:0.000000s ]
INFO: [ template_filter ] --END-- [ RunTime:0.000000s ]
INFO: Run Behavior\ParseTemplateBehavior [ RunTime:0.043002s ]
INFO: [ view_parse ] --END-- [ RunTime:0.044002s ]
INFO: [ view_filter ] --START--
INFO: Run Behavior\WriteHtmlCacheBehavior [ RunTime:0.000000s ]
INFO: [ view_filter ] --END-- [ RunTime:0.000000s ]
INFO: [ app_end ] --START--
INFO: Run Behavior\ShowPageTraceBehavior [ RunTime:0.001000s ]
INFO: [ app_end ] --END-- [ RunTime:0.002000s ]

[ 2016-05-22T16:55:58+08:00 ] ::1 /3.29/index.php/admin/index/left.html
INFO: [ app_init ] --START--
INFO: Run Behavior\BuildLiteBehavior [ RunTime:0.000000s ]
INFO: [ app_init ] --END-- [ RunTime:0.000000s ]
INFO: [ app_begin ] --START--
INFO: Run Behavior\ReadHtmlCacheBehavior [ RunTime:0.001000s ]
INFO: [ app_begin ] --END-- [ RunTime:0.001000s ]
INFO: [ view_parse ] --START--
INFO: [ template_filter ] --START--
INFO: Run Behavior\ContentReplaceBehavior [ RunTime:0.000000s ]
INFO: [ template_filter ] --END-- [ RunTime:0.000000s ]
INFO: Run Behavior\ParseTemplateBehavior [ RunTime:0.015001s ]
INFO: [ view_parse ] --END-- [ RunTime:0.015001s ]
INFO: [ view_filter ] --START--
INFO: Run Behavior\WriteHtmlCacheBehavior [ RunTime:0.001000s ]
INFO: [ view_filter ] --END-- [ RunTime:0.001000s ]
INFO: [ app_end ] --START--
INFO: Run Behavior\ShowPageTraceBehavior [ RunTime:0.003000s ]
INFO: [ app_end ] --END-- [ RunTime:0.003000s ]

[ 2016-05-22T16:55:58+08:00 ] ::1 /3.29/index.php/admin/index/top.html
INFO: [ app_init ] --START--
INFO: Run Behavior\BuildLiteBehavior [ RunTime:0.000000s ]
INFO: [ app_init ] --END-- [ RunTime:0.001000s ]
INFO: [ app_begin ] --START--
INFO: Run Behavior\ReadHtmlCacheBehavior [ RunTime:0.001000s ]
INFO: [ app_begin ] --END-- [ RunTime:0.001000s ]
INFO: [ view_parse ] --START--
INFO: [ template_filter ] --START--
INFO: Run Behavior\ContentReplaceBehavior [ RunTime:0.000000s ]
INFO: [ template_filter ] --END-- [ RunTime:0.000000s ]
INFO: Run Behavior\ParseTemplateBehavior [ RunTime:0.017001s ]
INFO: [ view_parse ] --END-- [ RunTime:0.018001s ]
INFO: [ view_filter ] --START--
INFO: Run Behavior\WriteHtmlCacheBehavior [ RunTime:0.000000s ]
INFO: [ view_filter ] --END-- [ RunTime:0.001000s ]
INFO: [ app_end ] --START--
INFO: Run Behavior\ShowPageTraceBehavior [ RunTime:0.001000s ]
INFO: [ app_end ] --END-- [ RunTime:0.001000s ]

[ 2016-05-22T16:55:58+08:00 ] ::1 /3.29/index.php/admin/index/main.html
INFO: [ app_init ] --START--
INFO: Run Behavior\BuildLiteBehavior [ RunTime:0.000000s ]
INFO: [ app_init ] --END-- [ RunTime:0.001000s ]
INFO: [ app_begin ] --START--
INFO: Run Behavior\ReadHtmlCacheBehavior [ RunTime:0.002001s ]
INFO: [ app_begin ] --END-- [ RunTime:0.002001s ]
INFO: [ view_parse ] --START--
INFO: [ template_filter ] --START--
INFO: Run Behavior\ContentReplaceBehavior [ RunTime:0.000000s ]
INFO: [ template_filter ] --END-- [ RunTime:0.000000s ]
INFO: Run Behavior\ParseTemplateBehavior [ RunTime:0.025002s ]
INFO: [ view_parse ] --END-- [ RunTime:0.026002s ]
INFO: [ view_filter ] --START--
INFO: Run Behavior\WriteHtmlCacheBehavior [ RunTime:0.001000s ]
INFO: [ view_filter ] --END-- [ RunTime:0.001000s ]
INFO: [ app_end ] --START--
INFO: Run Behavior\ShowPageTraceBehavior [ RunTime:0.001000s ]
INFO: [ app_end ] --END-- [ RunTime:0.001000s ]

[ 2016-05-22T16:56:02+08:00 ] ::1 /3.29/index.php/Admin/goods/goodslist.html
INFO: [ app_init ] --START--
INFO: Run Behavior\BuildLiteBehavior [ RunTime:0.000000s ]
INFO: [ app_init ] --END-- [ RunTime:0.001000s ]
INFO: [ app_begin ] --START--
INFO: Run Behavior\ReadHtmlCacheBehavior [ RunTime:0.001000s ]
INFO: [ app_begin ] --END-- [ RunTime:0.001000s ]
SQL: SHOW COLUMNS FROM `goods` [ RunTime:0.0040s ]
SQL: SELECT COUNT(*) AS tp_count FROM `goods` LIMIT 1   [ RunTime:0.0010s ]
ERR: 1054:Unknown column 'is_del' in 'where clause'
 [ SQL语句 ] : SELECT `goods_id`,`goods_name`,`goods_sn`,`shop_price`,`is_best`,`is_new`,`is_hot`,`goods_number` FROM `goods` WHERE ( is_del=0 ) ORDER BY goods_id desc LIMIT 0,2  
ERR: 1054:Unknown column 'is_del' in 'where clause'
 [ SQL语句 ] : SELECT `goods_id`,`goods_name`,`goods_sn`,`shop_price`,`is_best`,`is_new`,`is_hot`,`goods_number` FROM `goods` WHERE ( is_del=0 ) ORDER BY goods_id desc LIMIT 0,2  

[ 2016-05-22T16:56:04+08:00 ] ::1 /3.29/index.php/Admin/goods/goodsadd.html
INFO: [ app_init ] --START--
INFO: Run Behavior\BuildLiteBehavior [ RunTime:0.000000s ]
INFO: [ app_init ] --END-- [ RunTime:0.000000s ]
INFO: [ app_begin ] --START--
INFO: Run Behavior\ReadHtmlCacheBehavior [ RunTime:0.002000s ]
INFO: [ app_begin ] --END-- [ RunTime:0.002000s ]
SQL: SHOW COLUMNS FROM `goods` [ RunTime:0.0050s ]
SQL: SHOW COLUMNS FROM `cat` [ RunTime:0.0030s ]
SQL: SELECT * FROM `cat`  [ RunTime:0.0000s ]
INFO: [ view_parse ] --START--
INFO: [ template_filter ] --START--
INFO: Run Behavior\ContentReplaceBehavior [ RunTime:0.000000s ]
INFO: [ template_filter ] --END-- [ RunTime:0.000000s ]
INFO: Run Behavior\ParseTemplateBehavior [ RunTime:0.014001s ]
INFO: [ view_parse ] --END-- [ RunTime:0.014001s ]
INFO: [ view_filter ] --START--
INFO: Run Behavior\WriteHtmlCacheBehavior [ RunTime:0.001000s ]
INFO: [ view_filter ] --END-- [ RunTime:0.001000s ]
INFO: [ app_end ] --START--
INFO: Run Behavior\ShowPageTraceBehavior [ RunTime:0.001000s ]
INFO: [ app_end ] --END-- [ RunTime:0.001000s ]

[ 2016-05-22T16:56:07+08:00 ] ::1 /3.29/index.php/Admin/cat/catlist.html
INFO: [ app_init ] --START--
INFO: Run Behavior\BuildLiteBehavior [ RunTime:0.000000s ]
INFO: [ app_init ] --END-- [ RunTime:0.001000s ]
INFO: [ app_begin ] --START--
INFO: Run Behavior\ReadHtmlCacheBehavior [ RunTime:0.001000s ]
INFO: [ app_begin ] --END-- [ RunTime:0.001000s ]
SQL: SHOW COLUMNS FROM `cat` [ RunTime:0.0040s ]
SQL: SELECT * FROM `cat`  [ RunTime:0.0010s ]
INFO: [ view_parse ] --START--
INFO: [ template_filter ] --START--
INFO: Run Behavior\ContentReplaceBehavior [ RunTime:0.000000s ]
INFO: [ template_filter ] --END-- [ RunTime:0.000000s ]
NOTIC: [8] Use of undefined constant cat_id - assumed 'cat_id' D:\xampp\htdocs\3.29\Runtime\Cache\Admin\27d4c96070c9c5b16dcf99f56341c448.php 第 47 行.
NOTIC: [8] Use of undefined constant cat_id - assumed 'cat_id' D:\xampp\htdocs\3.29\Runtime\Cache\Admin\27d4c96070c9c5b16dcf99f56341c448.php 第 48 行.
NOTIC: [8] Use of undefined constant cat_id - assumed 'cat_id' D:\xampp\htdocs\3.29\Runtime\Cache\Admin\27d4c96070c9c5b16dcf99f56341c448.php 第 47 行.
NOTIC: [8] Use of undefined constant cat_id - assumed 'cat_id' D:\xampp\htdocs\3.29\Runtime\Cache\Admin\27d4c96070c9c5b16dcf99f56341c448.php 第 48 行.
NOTIC: [8] Use of undefined constant cat_id - assumed 'cat_id' D:\xampp\htdocs\3.29\Runtime\Cache\Admin\27d4c96070c9c5b16dcf99f56341c448.php 第 47 行.
NOTIC: [8] Use of undefined constant cat_id - assumed 'cat_id' D:\xampp\htdocs\3.29\Runtime\Cache\Admin\27d4c96070c9c5b16dcf99f56341c448.php 第 48 行.
NOTIC: [8] Use of undefined constant cat_id - assumed 'cat_id' D:\xampp\htdocs\3.29\Runtime\Cache\Admin\27d4c96070c9c5b16dcf99f56341c448.php 第 47 行.
NOTIC: [8] Use of undefined constant cat_id - assumed 'cat_id' D:\xampp\htdocs\3.29\Runtime\Cache\Admin\27d4c96070c9c5b16dcf99f56341c448.php 第 48 行.
NOTIC: [8] Use of undefined constant cat_id - assumed 'cat_id' D:\xampp\htdocs\3.29\Runtime\Cache\Admin\27d4c96070c9c5b16dcf99f56341c448.php 第 47 行.
NOTIC: [8] Use of undefined constant cat_id - assumed 'cat_id' D:\xampp\htdocs\3.29\Runtime\Cache\Admin\27d4c96070c9c5b16dcf99f56341c448.php 第 48 行.
NOTIC: [8] Use of undefined constant cat_id - assumed 'cat_id' D:\xampp\htdocs\3.29\Runtime\Cache\Admin\27d4c96070c9c5b16dcf99f56341c448.php 第 47 行.
NOTIC: [8] Use of undefined constant cat_id - assumed 'cat_id' D:\xampp\htdocs\3.29\Runtime\Cache\Admin\27d4c96070c9c5b16dcf99f56341c448.php 第 48 行.
NOTIC: [8] Use of undefined constant cat_id - assumed 'cat_id' D:\xampp\htdocs\3.29\Runtime\Cache\Admin\27d4c96070c9c5b16dcf99f56341c448.php 第 47 行.
NOTIC: [8] Use of undefined constant cat_id - assumed 'cat_id' D:\xampp\htdocs\3.29\Runtime\Cache\Admin\27d4c96070c9c5b16dcf99f56341c448.php 第 48 行.
NOTIC: [8] Use of undefined constant cat_id - assumed 'cat_id' D:\xampp\htdocs\3.29\Runtime\Cache\Admin\27d4c96070c9c5b16dcf99f56341c448.php 第 47 行.
NOTIC: [8] Use of undefined constant cat_id - assumed 'cat_id' D:\xampp\htdocs\3.29\Runtime\Cache\Admin\27d4c96070c9c5b16dcf99f56341c448.php 第 48 行.
NOTIC: [8] Use of undefined constant cat_id - assumed 'cat_id' D:\xampp\htdocs\3.29\Runtime\Cache\Admin\27d4c96070c9c5b16dcf99f56341c448.php 第 47 行.
NOTIC: [8] Use of undefined constant cat_id - assumed 'cat_id' D:\xampp\htdocs\3.29\Runtime\Cache\Admin\27d4c96070c9c5b16dcf99f56341c448.php 第 48 行.
NOTIC: [8] Use of undefined constant cat_id - assumed 'cat_id' D:\xampp\htdocs\3.29\Runtime\Cache\Admin\27d4c96070c9c5b16dcf99f56341c448.php 第 47 行.
NOTIC: [8] Use of undefined constant cat_id - assumed 'cat_id' D:\xampp\htdocs\3.29\Runtime\Cache\Admin\27d4c96070c9c5b16dcf99f56341c448.php 第 48 行.
NOTIC: [8] Use of undefined constant cat_id - assumed 'cat_id' D:\xampp\htdocs\3.29\Runtime\Cache\Admin\27d4c96070c9c5b16dcf99f56341c448.php 第 47 行.
NOTIC: [8] Use of undefined constant cat_id - assumed 'cat_id' D:\xampp\htdocs\3.29\Runtime\Cache\Admin\27d4c96070c9c5b16dcf99f56341c448.php 第 48 行.
NOTIC: [8] Use of undefined constant cat_id - assumed 'cat_id' D:\xampp\htdocs\3.29\Runtime\Cache\Admin\27d4c96070c9c5b16dcf99f56341c448.php 第 47 行.
NOTIC: [8] Use of undefined constant cat_id - assumed 'cat_id' D:\xampp\htdocs\3.29\Runtime\Cache\Admin\27d4c96070c9c5b16dcf99f56341c448.php 第 48 行.
NOTIC: [8] Use of undefined constant cat_id - assumed 'cat_id' D:\xampp\htdocs\3.29\Runtime\Cache\Admin\27d4c96070c9c5b16dcf99f56341c448.php 第 47 行.
NOTIC: [8] Use of undefined constant cat_id - assumed 'cat_id' D:\xampp\htdocs\3.29\Runtime\Cache\Admin\27d4c96070c9c5b16dcf99f56341c448.php 第 48 行.
NOTIC: [8] Use of undefined constant cat_id - assumed 'cat_id' D:\xampp\htdocs\3.29\Runtime\Cache\Admin\27d4c96070c9c5b16dcf99f56341c448.php 第 47 行.
NOTIC: [8] Use of undefined constant cat_id - assumed 'cat_id' D:\xampp\htdocs\3.29\Runtime\Cache\Admin\27d4c96070c9c5b16dcf99f56341c448.php 第 48 行.
NOTIC: [8] Use of undefined constant cat_id - assumed 'cat_id' D:\xampp\htdocs\3.29\Runtime\Cache\Admin\27d4c96070c9c5b16dcf99f56341c448.php 第 47 行.
NOTIC: [8] Use of undefined constant cat_id - assumed 'cat_id' D:\xampp\htdocs\3.29\Runtime\Cache\Admin\27d4c96070c9c5b16dcf99f56341c448.php 第 48 行.
INFO: Run Behavior\ParseTemplateBehavior [ RunTime:0.017000s ]
INFO: [ view_parse ] --END-- [ RunTime:0.017000s ]
INFO: [ view_filter ] --START--
INFO: Run Behavior\WriteHtmlCacheBehavior [ RunTime:0.001001s ]
INFO: [ view_filter ] --END-- [ RunTime:0.001001s ]
INFO: [ app_end ] --START--
INFO: Run Behavior\ShowPageTraceBehavior [ RunTime:0.001000s ]
INFO: [ app_end ] --END-- [ RunTime:0.001000s ]

[ 2016-05-22T16:56:16+08:00 ] ::1 /3.29/index.php/admin/index/index
INFO: [ app_init ] --START--
INFO: Run Behavior\BuildLiteBehavior [ RunTime:0.000000s ]
INFO: [ app_init ] --END-- [ RunTime:0.001000s ]
INFO: [ app_begin ] --START--
INFO: Run Behavior\ReadHtmlCacheBehavior [ RunTime:0.002000s ]
INFO: [ app_begin ] --END-- [ RunTime:0.002000s ]
INFO: [ view_parse ] --START--
INFO: [ template_filter ] --START--
INFO: Run Behavior\ContentReplaceBehavior [ RunTime:0.000000s ]
INFO: [ template_filter ] --END-- [ RunTime:0.000000s ]
INFO: Run Behavior\ParseTemplateBehavior [ RunTime:0.010000s ]
INFO: [ view_parse ] --END-- [ RunTime:0.010000s ]
INFO: [ view_filter ] --START--
INFO: Run Behavior\WriteHtmlCacheBehavior [ RunTime:0.001000s ]
INFO: [ view_filter ] --END-- [ RunTime:0.001000s ]
INFO: [ app_end ] --START--
INFO: Run Behavior\ShowPageTraceBehavior [ RunTime:0.002000s ]
INFO: [ app_end ] --END-- [ RunTime:0.002000s ]

[ 2016-05-22T16:56:16+08:00 ] ::1 /3.29/index.php/admin/index/top.html
INFO: [ app_init ] --START--
INFO: Run Behavior\BuildLiteBehavior [ RunTime:0.000000s ]
INFO: [ app_init ] --END-- [ RunTime:0.000000s ]
INFO: [ app_begin ] --START--
INFO: Run Behavior\ReadHtmlCacheBehavior [ RunTime:0.001000s ]
INFO: [ app_begin ] --END-- [ RunTime:0.001000s ]
INFO: [ view_parse ] --START--
INFO: [ template_filter ] --START--
INFO: Run Behavior\ContentReplaceBehavior [ RunTime:0.000000s ]
INFO: [ template_filter ] --END-- [ RunTime:0.000000s ]
INFO: Run Behavior\ParseTemplateBehavior [ RunTime:0.044003s ]
INFO: [ view_parse ] --END-- [ RunTime:0.044003s ]
INFO: [ view_filter ] --START--
INFO: Run Behavior\WriteHtmlCacheBehavior [ RunTime:0.000000s ]
INFO: [ view_filter ] --END-- [ RunTime:0.000000s ]
INFO: [ app_end ] --START--
INFO: Run Behavior\ShowPageTraceBehavior [ RunTime:0.001000s ]
INFO: [ app_end ] --END-- [ RunTime:0.001000s ]

[ 2016-05-22T16:56:16+08:00 ] ::1 /3.29/index.php/admin/index/left.html
INFO: [ app_init ] --START--
INFO: Run Behavior\BuildLiteBehavior [ RunTime:0.001000s ]
INFO: [ app_init ] --END-- [ RunTime:0.001000s ]
INFO: [ app_begin ] --START--
INFO: Run Behavior\ReadHtmlCacheBehavior [ RunTime:0.002000s ]
INFO: [ app_begin ] --END-- [ RunTime:0.002000s ]
INFO: [ view_parse ] --START--
INFO: [ template_filter ] --START--
INFO: Run Behavior\ContentReplaceBehavior [ RunTime:0.000000s ]
INFO: [ template_filter ] --END-- [ RunTime:0.000000s ]
INFO: Run Behavior\ParseTemplateBehavior [ RunTime:0.021002s ]
INFO: [ view_parse ] --END-- [ RunTime:0.021002s ]
INFO: [ view_filter ] --START--
INFO: Run Behavior\WriteHtmlCacheBehavior [ RunTime:0.003000s ]
INFO: [ view_filter ] --END-- [ RunTime:0.003000s ]
INFO: [ app_end ] --START--
INFO: Run Behavior\ShowPageTraceBehavior [ RunTime:0.002000s ]
INFO: [ app_end ] --END-- [ RunTime:0.002000s ]

[ 2016-05-22T16:56:16+08:00 ] ::1 /3.29/index.php/admin/index/drag.html
INFO: [ app_init ] --START--
INFO: Run Behavior\BuildLiteBehavior [ RunTime:0.000000s ]
INFO: [ app_init ] --END-- [ RunTime:0.000000s ]
INFO: [ app_begin ] --START--
INFO: Run Behavior\ReadHtmlCacheBehavior [ RunTime:0.002000s ]
INFO: [ app_begin ] --END-- [ RunTime:0.002000s ]
INFO: [ view_parse ] --START--
INFO: [ template_filter ] --START--
INFO: Run Behavior\ContentReplaceBehavior [ RunTime:0.000000s ]
INFO: [ template_filter ] --END-- [ RunTime:0.000000s ]
INFO: Run Behavior\ParseTemplateBehavior [ RunTime:0.015000s ]
INFO: [ view_parse ] --END-- [ RunTime:0.015000s ]
INFO: [ view_filter ] --START--
INFO: Run Behavior\WriteHtmlCacheBehavior [ RunTime:0.001001s ]
INFO: [ view_filter ] --END-- [ RunTime:0.001001s ]
INFO: [ app_end ] --START--
INFO: Run Behavior\ShowPageTraceBehavior [ RunTime:0.002000s ]
INFO: [ app_end ] --END-- [ RunTime:0.002000s ]

[ 2016-05-22T16:56:16+08:00 ] ::1 /3.29/index.php/admin/index/main.html
INFO: [ app_init ] --START--
INFO: Run Behavior\BuildLiteBehavior [ RunTime:0.000000s ]
INFO: [ app_init ] --END-- [ RunTime:0.000000s ]
INFO: [ app_begin ] --START--
INFO: Run Behavior\ReadHtmlCacheBehavior [ RunTime:0.001000s ]
INFO: [ app_begin ] --END-- [ RunTime:0.002000s ]
INFO: [ view_parse ] --START--
INFO: [ template_filter ] --START--
INFO: Run Behavior\ContentReplaceBehavior [ RunTime:0.000000s ]
INFO: [ template_filter ] --END-- [ RunTime:0.000000s ]
INFO: Run Behavior\ParseTemplateBehavior [ RunTime:0.014001s ]
INFO: [ view_parse ] --END-- [ RunTime:0.014001s ]
INFO: [ view_filter ] --START--
INFO: Run Behavior\WriteHtmlCacheBehavior [ RunTime:0.001000s ]
INFO: [ view_filter ] --END-- [ RunTime:0.001000s ]
INFO: [ app_end ] --START--
INFO: Run Behavior\ShowPageTraceBehavior [ RunTime:0.001000s ]
INFO: [ app_end ] --END-- [ RunTime:0.001000s ]

[ 2016-05-22T16:56:18+08:00 ] ::1 /3.29/index.php/Admin/goods/goodslist.html
INFO: [ app_init ] --START--
INFO: Run Behavior\BuildLiteBehavior [ RunTime:0.000000s ]
INFO: [ app_init ] --END-- [ RunTime:0.000000s ]
INFO: [ app_begin ] --START--
INFO: Run Behavior\ReadHtmlCacheBehavior [ RunTime:0.002000s ]
INFO: [ app_begin ] --END-- [ RunTime:0.002000s ]
SQL: SHOW COLUMNS FROM `goods` [ RunTime:0.0050s ]
SQL: SELECT COUNT(*) AS tp_count FROM `goods` LIMIT 1   [ RunTime:0.0000s ]
ERR: 1054:Unknown column 'is_del' in 'where clause'
 [ SQL语句 ] : SELECT `goods_id`,`goods_name`,`goods_sn`,`shop_price`,`is_best`,`is_new`,`is_hot`,`goods_number` FROM `goods` WHERE ( is_del=0 ) ORDER BY goods_id desc LIMIT 0,2  
ERR: 1054:Unknown column 'is_del' in 'where clause'
 [ SQL语句 ] : SELECT `goods_id`,`goods_name`,`goods_sn`,`shop_price`,`is_best`,`is_new`,`is_hot`,`goods_number` FROM `goods` WHERE ( is_del=0 ) ORDER BY goods_id desc LIMIT 0,2  

[ 2016-05-22T16:56:19+08:00 ] ::1 /3.29/index.php/Admin/goods/goodsadd.html
INFO: [ app_init ] --START--
INFO: Run Behavior\BuildLiteBehavior [ RunTime:0.000000s ]
INFO: [ app_init ] --END-- [ RunTime:0.000000s ]
INFO: [ app_begin ] --START--
INFO: Run Behavior\ReadHtmlCacheBehavior [ RunTime:0.002000s ]
INFO: [ app_begin ] --END-- [ RunTime:0.002000s ]
SQL: SHOW COLUMNS FROM `goods` [ RunTime:0.0040s ]
SQL: SHOW COLUMNS FROM `cat` [ RunTime:0.0040s ]
SQL: SELECT * FROM `cat`  [ RunTime:0.0000s ]
INFO: [ view_parse ] --START--
INFO: [ template_filter ] --START--
INFO: Run Behavior\ContentReplaceBehavior [ RunTime:0.000000s ]
INFO: [ template_filter ] --END-- [ RunTime:0.000000s ]
INFO: Run Behavior\ParseTemplateBehavior [ RunTime:0.014001s ]
INFO: [ view_parse ] --END-- [ RunTime:0.015001s ]
INFO: [ view_filter ] --START--
INFO: Run Behavior\WriteHtmlCacheBehavior [ RunTime:0.001000s ]
INFO: [ view_filter ] --END-- [ RunTime:0.001000s ]
INFO: [ app_end ] --START--
INFO: Run Behavior\ShowPageTraceBehavior [ RunTime:0.001000s ]
INFO: [ app_end ] --END-- [ RunTime:0.001000s ]

[ 2016-05-22T16:56:22+08:00 ] ::1 /3.29/index.php/Admin/goods/goodslist.html
INFO: [ app_init ] --START--
INFO: Run Behavior\BuildLiteBehavior [ RunTime:0.000000s ]
INFO: [ app_init ] --END-- [ RunTime:0.001000s ]
INFO: [ app_begin ] --START--
INFO: Run Behavior\ReadHtmlCacheBehavior [ RunTime:0.002000s ]
INFO: [ app_begin ] --END-- [ RunTime:0.002000s ]
SQL: SHOW COLUMNS FROM `goods` [ RunTime:0.0040s ]
SQL: SELECT COUNT(*) AS tp_count FROM `goods` LIMIT 1   [ RunTime:0.0000s ]
ERR: 1054:Unknown column 'is_del' in 'where clause'
 [ SQL语句 ] : SELECT `goods_id`,`goods_name`,`goods_sn`,`shop_price`,`is_best`,`is_new`,`is_hot`,`goods_number` FROM `goods` WHERE ( is_del=0 ) ORDER BY goods_id desc LIMIT 0,2  
ERR: 1054:Unknown column 'is_del' in 'where clause'
 [ SQL语句 ] : SELECT `goods_id`,`goods_name`,`goods_sn`,`shop_price`,`is_best`,`is_new`,`is_hot`,`goods_number` FROM `goods` WHERE ( is_del=0 ) ORDER BY goods_id desc LIMIT 0,2  

[ 2016-05-22T16:56:34+08:00 ] ::1 /3.29/index.php/Admin/cat/catlist.html
INFO: [ app_init ] --START--
INFO: Run Behavior\BuildLiteBehavior [ RunTime:0.000000s ]
INFO: [ app_init ] --END-- [ RunTime:0.001001s ]
INFO: [ app_begin ] --START--
INFO: Run Behavior\ReadHtmlCacheBehavior [ RunTime:0.001000s ]
INFO: [ app_begin ] --END-- [ RunTime:0.001000s ]
SQL: SHOW COLUMNS FROM `cat` [ RunTime:0.0040s ]
SQL: SELECT * FROM `cat`  [ RunTime:0.0010s ]
INFO: [ view_parse ] --START--
INFO: [ template_filter ] --START--
INFO: Run Behavior\ContentReplaceBehavior [ RunTime:0.000000s ]
INFO: [ template_filter ] --END-- [ RunTime:0.000000s ]
NOTIC: [8] Use of undefined constant cat_id - assumed 'cat_id' D:\xampp\htdocs\3.29\Runtime\Cache\Admin\27d4c96070c9c5b16dcf99f56341c448.php 第 47 行.
NOTIC: [8] Use of undefined constant cat_id - assumed 'cat_id' D:\xampp\htdocs\3.29\Runtime\Cache\Admin\27d4c96070c9c5b16dcf99f56341c448.php 第 48 行.
NOTIC: [8] Use of undefined constant cat_id - assumed 'cat_id' D:\xampp\htdocs\3.29\Runtime\Cache\Admin\27d4c96070c9c5b16dcf99f56341c448.php 第 47 行.
NOTIC: [8] Use of undefined constant cat_id - assumed 'cat_id' D:\xampp\htdocs\3.29\Runtime\Cache\Admin\27d4c96070c9c5b16dcf99f56341c448.php 第 48 行.
NOTIC: [8] Use of undefined constant cat_id - assumed 'cat_id' D:\xampp\htdocs\3.29\Runtime\Cache\Admin\27d4c96070c9c5b16dcf99f56341c448.php 第 47 行.
NOTIC: [8] Use of undefined constant cat_id - assumed 'cat_id' D:\xampp\htdocs\3.29\Runtime\Cache\Admin\27d4c96070c9c5b16dcf99f56341c448.php 第 48 行.
NOTIC: [8] Use of undefined constant cat_id - assumed 'cat_id' D:\xampp\htdocs\3.29\Runtime\Cache\Admin\27d4c96070c9c5b16dcf99f56341c448.php 第 47 行.
NOTIC: [8] Use of undefined constant cat_id - assumed 'cat_id' D:\xampp\htdocs\3.29\Runtime\Cache\Admin\27d4c96070c9c5b16dcf99f56341c448.php 第 48 行.
NOTIC: [8] Use of undefined constant cat_id - assumed 'cat_id' D:\xampp\htdocs\3.29\Runtime\Cache\Admin\27d4c96070c9c5b16dcf99f56341c448.php 第 47 行.
NOTIC: [8] Use of undefined constant cat_id - assumed 'cat_id' D:\xampp\htdocs\3.29\Runtime\Cache\Admin\27d4c96070c9c5b16dcf99f56341c448.php 第 48 行.
NOTIC: [8] Use of undefined constant cat_id - assumed 'cat_id' D:\xampp\htdocs\3.29\Runtime\Cache\Admin\27d4c96070c9c5b16dcf99f56341c448.php 第 47 行.
NOTIC: [8] Use of undefined constant cat_id - assumed 'cat_id' D:\xampp\htdocs\3.29\Runtime\Cache\Admin\27d4c96070c9c5b16dcf99f56341c448.php 第 48 行.
NOTIC: [8] Use of undefined constant cat_id - assumed 'cat_id' D:\xampp\htdocs\3.29\Runtime\Cache\Admin\27d4c96070c9c5b16dcf99f56341c448.php 第 47 行.
NOTIC: [8] Use of undefined constant cat_id - assumed 'cat_id' D:\xampp\htdocs\3.29\Runtime\Cache\Admin\27d4c96070c9c5b16dcf99f56341c448.php 第 48 行.
NOTIC: [8] Use of undefined constant cat_id - assumed 'cat_id' D:\xampp\htdocs\3.29\Runtime\Cache\Admin\27d4c96070c9c5b16dcf99f56341c448.php 第 47 行.
NOTIC: [8] Use of undefined constant cat_id - assumed 'cat_id' D:\xampp\htdocs\3.29\Runtime\Cache\Admin\27d4c96070c9c5b16dcf99f56341c448.php 第 48 行.
NOTIC: [8] Use of undefined constant cat_id - assumed 'cat_id' D:\xampp\htdocs\3.29\Runtime\Cache\Admin\27d4c96070c9c5b16dcf99f56341c448.php 第 47 行.
NOTIC: [8] Use of undefined constant cat_id - assumed 'cat_id' D:\xampp\htdocs\3.29\Runtime\Cache\Admin\27d4c96070c9c5b16dcf99f56341c448.php 第 48 行.
NOTIC: [8] Use of undefined constant cat_id - assumed 'cat_id' D:\xampp\htdocs\3.29\Runtime\Cache\Admin\27d4c96070c9c5b16dcf99f56341c448.php 第 47 行.
NOTIC: [8] Use of undefined constant cat_id - assumed 'cat_id' D:\xampp\htdocs\3.29\Runtime\Cache\Admin\27d4c96070c9c5b16dcf99f56341c448.php 第 48 行.
NOTIC: [8] Use of undefined constant cat_id - assumed 'cat_id' D:\xampp\htdocs\3.29\Runtime\Cache\Admin\27d4c96070c9c5b16dcf99f56341c448.php 第 47 行.
NOTIC: [8] Use of undefined constant cat_id - assumed 'cat_id' D:\xampp\htdocs\3.29\Runtime\Cache\Admin\27d4c96070c9c5b16dcf99f56341c448.php 第 48 行.
NOTIC: [8] Use of undefined constant cat_id - assumed 'cat_id' D:\xampp\htdocs\3.29\Runtime\Cache\Admin\27d4c96070c9c5b16dcf99f56341c448.php 第 47 行.
NOTIC: [8] Use of undefined constant cat_id - assumed 'cat_id' D:\xampp\htdocs\3.29\Runtime\Cache\Admin\27d4c96070c9c5b16dcf99f56341c448.php 第 48 行.
NOTIC: [8] Use of undefined constant cat_id - assumed 'cat_id' D:\xampp\htdocs\3.29\Runtime\Cache\Admin\27d4c96070c9c5b16dcf99f56341c448.php 第 47 行.
NOTIC: [8] Use of undefined constant cat_id - assumed 'cat_id' D:\xampp\htdocs\3.29\Runtime\Cache\Admin\27d4c96070c9c5b16dcf99f56341c448.php 第 48 行.
NOTIC: [8] Use of undefined constant cat_id - assumed 'cat_id' D:\xampp\htdocs\3.29\Runtime\Cache\Admin\27d4c96070c9c5b16dcf99f56341c448.php 第 47 行.
NOTIC: [8] Use of undefined constant cat_id - assumed 'cat_id' D:\xampp\htdocs\3.29\Runtime\Cache\Admin\27d4c96070c9c5b16dcf99f56341c448.php 第 48 行.
NOTIC: [8] Use of undefined constant cat_id - assumed 'cat_id' D:\xampp\htdocs\3.29\Runtime\Cache\Admin\27d4c96070c9c5b16dcf99f56341c448.php 第 47 行.
NOTIC: [8] Use of undefined constant cat_id - assumed 'cat_id' D:\xampp\htdocs\3.29\Runtime\Cache\Admin\27d4c96070c9c5b16dcf99f56341c448.php 第 48 行.
INFO: Run Behavior\ParseTemplateBehavior [ RunTime:0.016001s ]
INFO: [ view_parse ] --END-- [ RunTime:0.016001s ]
INFO: [ view_filter ] --START--
INFO: Run Behavior\WriteHtmlCacheBehavior [ RunTime:0.001000s ]
INFO: [ view_filter ] --END-- [ RunTime:0.001000s ]
INFO: [ app_end ] --START--
INFO: Run Behavior\ShowPageTraceBehavior [ RunTime:0.002000s ]
INFO: [ app_end ] --END-- [ RunTime:0.004000s ]

[ 2016-05-22T16:56:39+08:00 ] ::1 /3.29/index.php/Admin/cat/catedit/cat_id/2.html
INFO: [ app_init ] --START--
INFO: Run Behavior\BuildLiteBehavior [ RunTime:0.000000s ]
INFO: [ app_init ] --END-- [ RunTime:0.001000s ]
INFO: [ app_begin ] --START--
INFO: Run Behavior\ReadHtmlCacheBehavior [ RunTime:0.001000s ]
INFO: [ app_begin ] --END-- [ RunTime:0.001000s ]
SQL: SHOW COLUMNS FROM `cat` [ RunTime:0.0050s ]
SQL: SELECT * FROM `cat`  [ RunTime:0.0010s ]
SQL: SELECT * FROM `cat` WHERE `cat_id` = 2 LIMIT 1   [ RunTime:0.1000s ]
INFO: [ view_parse ] --START--
INFO: [ template_filter ] --START--
INFO: Run Behavior\ContentReplaceBehavior [ RunTime:0.000000s ]
INFO: [ template_filter ] --END-- [ RunTime:0.000000s ]
NOTIC: [8] Use of undefined constant cat_id - assumed 'cat_id' D:\xampp\htdocs\3.29\Runtime\Cache\Admin\bceadd60d888afd1381e738913f663fe.php 第 32 行.
NOTIC: [8] Use of undefined constant cat_id - assumed 'cat_id' D:\xampp\htdocs\3.29\Runtime\Cache\Admin\bceadd60d888afd1381e738913f663fe.php 第 32 行.
NOTIC: [8] Use of undefined constant cat_id - assumed 'cat_id' D:\xampp\htdocs\3.29\Runtime\Cache\Admin\bceadd60d888afd1381e738913f663fe.php 第 32 行.
NOTIC: [8] Use of undefined constant cat_id - assumed 'cat_id' D:\xampp\htdocs\3.29\Runtime\Cache\Admin\bceadd60d888afd1381e738913f663fe.php 第 32 行.
NOTIC: [8] Use of undefined constant cat_id - assumed 'cat_id' D:\xampp\htdocs\3.29\Runtime\Cache\Admin\bceadd60d888afd1381e738913f663fe.php 第 32 行.
NOTIC: [8] Use of undefined constant cat_id - assumed 'cat_id' D:\xampp\htdocs\3.29\Runtime\Cache\Admin\bceadd60d888afd1381e738913f663fe.php 第 32 行.
NOTIC: [8] Use of undefined constant cat_id - assumed 'cat_id' D:\xampp\htdocs\3.29\Runtime\Cache\Admin\bceadd60d888afd1381e738913f663fe.php 第 32 行.
NOTIC: [8] Use of undefined constant cat_id - assumed 'cat_id' D:\xampp\htdocs\3.29\Runtime\Cache\Admin\bceadd60d888afd1381e738913f663fe.php 第 32 行.
NOTIC: [8] Use of undefined constant cat_id - assumed 'cat_id' D:\xampp\htdocs\3.29\Runtime\Cache\Admin\bceadd60d888afd1381e738913f663fe.php 第 32 行.
NOTIC: [8] Use of undefined constant cat_id - assumed 'cat_id' D:\xampp\htdocs\3.29\Runtime\Cache\Admin\bceadd60d888afd1381e738913f663fe.php 第 32 行.
NOTIC: [8] Use of undefined constant cat_id - assumed 'cat_id' D:\xampp\htdocs\3.29\Runtime\Cache\Admin\bceadd60d888afd1381e738913f663fe.php 第 32 行.
NOTIC: [8] Use of undefined constant cat_id - assumed 'cat_id' D:\xampp\htdocs\3.29\Runtime\Cache\Admin\bceadd60d888afd1381e738913f663fe.php 第 32 行.
NOTIC: [8] Use of undefined constant cat_id - assumed 'cat_id' D:\xampp\htdocs\3.29\Runtime\Cache\Admin\bceadd60d888afd1381e738913f663fe.php 第 32 行.
NOTIC: [8] Use of undefined constant cat_id - assumed 'cat_id' D:\xampp\htdocs\3.29\Runtime\Cache\Admin\bceadd60d888afd1381e738913f663fe.php 第 32 行.
NOTIC: [8] Use of undefined constant cat_id - assumed 'cat_id' D:\xampp\htdocs\3.29\Runtime\Cache\Admin\bceadd60d888afd1381e738913f663fe.php 第 32 行.
NOTIC: [8] Use of undefined constant cat_id - assumed 'cat_id' D:\xampp\htdocs\3.29\Runtime\Cache\Admin\bceadd60d888afd1381e738913f663fe.php 第 32 行.
NOTIC: [8] Use of undefined constant cat_id - assumed 'cat_id' D:\xampp\htdocs\3.29\Runtime\Cache\Admin\bceadd60d888afd1381e738913f663fe.php 第 32 行.
NOTIC: [8] Use of undefined constant cat_id - assumed 'cat_id' D:\xampp\htdocs\3.29\Runtime\Cache\Admin\bceadd60d888afd1381e738913f663fe.php 第 32 行.
NOTIC: [8] Use of undefined constant cat_id - assumed 'cat_id' D:\xampp\htdocs\3.29\Runtime\Cache\Admin\bceadd60d888afd1381e738913f663fe.php 第 32 行.
NOTIC: [8] Use of undefined constant cat_id - assumed 'cat_id' D:\xampp\htdocs\3.29\Runtime\Cache\Admin\bceadd60d888afd1381e738913f663fe.php 第 32 行.
NOTIC: [8] Use of undefined constant cat_id - assumed 'cat_id' D:\xampp\htdocs\3.29\Runtime\Cache\Admin\bceadd60d888afd1381e738913f663fe.php 第 32 行.
NOTIC: [8] Use of undefined constant cat_id - assumed 'cat_id' D:\xampp\htdocs\3.29\Runtime\Cache\Admin\bceadd60d888afd1381e738913f663fe.php 第 32 行.
NOTIC: [8] Use of undefined constant cat_id - assumed 'cat_id' D:\xampp\htdocs\3.29\Runtime\Cache\Admin\bceadd60d888afd1381e738913f663fe.php 第 32 行.
NOTIC: [8] Use of undefined constant cat_id - assumed 'cat_id' D:\xampp\htdocs\3.29\Runtime\Cache\Admin\bceadd60d888afd1381e738913f663fe.php 第 32 行.
NOTIC: [8] Use of undefined constant cat_id - assumed 'cat_id' D:\xampp\htdocs\3.29\Runtime\Cache\Admin\bceadd60d888afd1381e738913f663fe.php 第 32 行.
NOTIC: [8] Use of undefined constant cat_id - assumed 'cat_id' D:\xampp\htdocs\3.29\Runtime\Cache\Admin\bceadd60d888afd1381e738913f663fe.php 第 32 行.
NOTIC: [8] Use of undefined constant cat_id - assumed 'cat_id' D:\xampp\htdocs\3.29\Runtime\Cache\Admin\bceadd60d888afd1381e738913f663fe.php 第 32 行.
NOTIC: [8] Use of undefined constant cat_id - assumed 'cat_id' D:\xampp\htdocs\3.29\Runtime\Cache\Admin\bceadd60d888afd1381e738913f663fe.php 第 32 行.
NOTIC: [8] Use of undefined constant cat_id - assumed 'cat_id' D:\xampp\htdocs\3.29\Runtime\Cache\Admin\bceadd60d888afd1381e738913f663fe.php 第 32 行.
NOTIC: [8] Use of undefined constant cat_id - assumed 'cat_id' D:\xampp\htdocs\3.29\Runtime\Cache\Admin\bceadd60d888afd1381e738913f663fe.php 第 32 行.
INFO: Run Behavior\ParseTemplateBehavior [ RunTime:0.031002s ]
INFO: [ view_parse ] --END-- [ RunTime:0.031002s ]
INFO: [ view_filter ] --START--
INFO: Run Behavior\WriteHtmlCacheBehavior [ RunTime:0.001000s ]
INFO: [ view_filter ] --END-- [ RunTime:0.001000s ]
INFO: [ app_end ] --START--
INFO: Run Behavior\ShowPageTraceBehavior [ RunTime:0.001000s ]
INFO: [ app_end ] --END-- [ RunTime:0.001000s ]

[ 2016-05-22T16:56:46+08:00 ] ::1 /3.29/index.php/Admin/goods/goodslist.html
INFO: [ app_init ] --START--
INFO: Run Behavior\BuildLiteBehavior [ RunTime:0.000000s ]
INFO: [ app_init ] --END-- [ RunTime:0.001000s ]
INFO: [ app_begin ] --START--
INFO: Run Behavior\ReadHtmlCacheBehavior [ RunTime:0.001000s ]
INFO: [ app_begin ] --END-- [ RunTime:0.001000s ]
SQL: SHOW COLUMNS FROM `goods` [ RunTime:0.0040s ]
SQL: SELECT COUNT(*) AS tp_count FROM `goods` LIMIT 1   [ RunTime:0.0000s ]
ERR: 1054:Unknown column 'is_del' in 'where clause'
 [ SQL语句 ] : SELECT `goods_id`,`goods_name`,`goods_sn`,`shop_price`,`is_best`,`is_new`,`is_hot`,`goods_number` FROM `goods` WHERE ( is_del=0 ) ORDER BY goods_id desc LIMIT 0,2  
ERR: 1054:Unknown column 'is_del' in 'where clause'
 [ SQL语句 ] : SELECT `goods_id`,`goods_name`,`goods_sn`,`shop_price`,`is_best`,`is_new`,`is_hot`,`goods_number` FROM `goods` WHERE ( is_del=0 ) ORDER BY goods_id desc LIMIT 0,2  

[ 2016-05-22T16:56:47+08:00 ] ::1 /3.29/index.php/admin/index/left.html
INFO: [ app_init ] --START--
INFO: Run Behavior\BuildLiteBehavior [ RunTime:0.000000s ]
INFO: [ app_init ] --END-- [ RunTime:0.000000s ]
INFO: [ app_begin ] --START--
INFO: Run Behavior\ReadHtmlCacheBehavior [ RunTime:0.001000s ]
INFO: [ app_begin ] --END-- [ RunTime:0.001000s ]
INFO: [ view_parse ] --START--
INFO: [ template_filter ] --START--
INFO: Run Behavior\ContentReplaceBehavior [ RunTime:0.001000s ]
INFO: [ template_filter ] --END-- [ RunTime:0.001000s ]
INFO: Run Behavior\ParseTemplateBehavior [ RunTime:0.013001s ]
INFO: [ view_parse ] --END-- [ RunTime:0.013001s ]
INFO: [ view_filter ] --START--
INFO: Run Behavior\WriteHtmlCacheBehavior [ RunTime:0.001000s ]
INFO: [ view_filter ] --END-- [ RunTime:0.001000s ]
INFO: [ app_end ] --START--
INFO: Run Behavior\ShowPageTraceBehavior [ RunTime:0.001000s ]
INFO: [ app_end ] --END-- [ RunTime:0.001000s ]

[ 2016-05-22T16:56:49+08:00 ] ::1 /3.29/index.php/Admin/goods/goodslist.html
INFO: [ app_init ] --START--
INFO: Run Behavior\BuildLiteBehavior [ RunTime:0.000000s ]
INFO: [ app_init ] --END-- [ RunTime:0.001000s ]
INFO: [ app_begin ] --START--
INFO: Run Behavior\ReadHtmlCacheBehavior [ RunTime:0.001000s ]
INFO: [ app_begin ] --END-- [ RunTime:0.001000s ]
SQL: SHOW COLUMNS FROM `goods` [ RunTime:0.0050s ]
SQL: SELECT COUNT(*) AS tp_count FROM `goods` LIMIT 1   [ RunTime:0.0000s ]
ERR: 1054:Unknown column 'is_del' in 'where clause'
 [ SQL语句 ] : SELECT `goods_id`,`goods_name`,`goods_sn`,`shop_price`,`is_best`,`is_new`,`is_hot`,`goods_number` FROM `goods` WHERE ( is_del=0 ) ORDER BY goods_id desc LIMIT 0,2  
ERR: 1054:Unknown column 'is_del' in 'where clause'
 [ SQL语句 ] : SELECT `goods_id`,`goods_name`,`goods_sn`,`shop_price`,`is_best`,`is_new`,`is_hot`,`goods_number` FROM `goods` WHERE ( is_del=0 ) ORDER BY goods_id desc LIMIT 0,2  

[ 2016-05-22T16:56:50+08:00 ] ::1 /3.29/index.php/admin/index/left.html
INFO: [ app_init ] --START--
INFO: Run Behavior\BuildLiteBehavior [ RunTime:0.000000s ]
INFO: [ app_init ] --END-- [ RunTime:0.001000s ]
INFO: [ app_begin ] --START--
INFO: Run Behavior\ReadHtmlCacheBehavior [ RunTime:0.002001s ]
INFO: [ app_begin ] --END-- [ RunTime:0.002001s ]
INFO: [ view_parse ] --START--
INFO: [ template_filter ] --START--
INFO: Run Behavior\ContentReplaceBehavior [ RunTime:0.001000s ]
INFO: [ template_filter ] --END-- [ RunTime:0.001000s ]
INFO: Run Behavior\ParseTemplateBehavior [ RunTime:0.011000s ]
INFO: [ view_parse ] --END-- [ RunTime:0.011000s ]
INFO: [ view_filter ] --START--
INFO: Run Behavior\WriteHtmlCacheBehavior [ RunTime:0.001000s ]
INFO: [ view_filter ] --END-- [ RunTime:0.002000s ]
INFO: [ app_end ] --START--
INFO: Run Behavior\ShowPageTraceBehavior [ RunTime:0.001000s ]
INFO: [ app_end ] --END-- [ RunTime:0.001000s ]

[ 2016-05-22T17:02:23+08:00 ] ::1 /3.29/index.php/admin/index/index
INFO: [ app_init ] --START--
INFO: Run Behavior\BuildLiteBehavior [ RunTime:0.000000s ]
INFO: [ app_init ] --END-- [ RunTime:0.000000s ]
INFO: [ app_begin ] --START--
INFO: Run Behavior\ReadHtmlCacheBehavior [ RunTime:0.001000s ]
INFO: [ app_begin ] --END-- [ RunTime:0.001000s ]
INFO: [ view_parse ] --START--
INFO: [ template_filter ] --START--
INFO: Run Behavior\ContentReplaceBehavior [ RunTime:0.000000s ]
INFO: [ template_filter ] --END-- [ RunTime:0.000000s ]
INFO: Run Behavior\ParseTemplateBehavior [ RunTime:0.010000s ]
INFO: [ view_parse ] --END-- [ RunTime:0.010000s ]
INFO: [ view_filter ] --START--
INFO: Run Behavior\WriteHtmlCacheBehavior [ RunTime:0.001000s ]
INFO: [ view_filter ] --END-- [ RunTime:0.002000s ]
INFO: [ app_end ] --START--
INFO: Run Behavior\ShowPageTraceBehavior [ RunTime:0.001000s ]
INFO: [ app_end ] --END-- [ RunTime:0.001000s ]

[ 2016-05-22T17:02:23+08:00 ] ::1 /3.29/index.php/admin/index/left.html
INFO: [ app_init ] --START--
INFO: Run Behavior\BuildLiteBehavior [ RunTime:0.000000s ]
INFO: [ app_init ] --END-- [ RunTime:0.000000s ]
INFO: [ app_begin ] --START--
INFO: Run Behavior\ReadHtmlCacheBehavior [ RunTime:0.001000s ]
INFO: [ app_begin ] --END-- [ RunTime:0.001000s ]
INFO: [ view_parse ] --START--
INFO: [ template_filter ] --START--
INFO: Run Behavior\ContentReplaceBehavior [ RunTime:0.000000s ]
INFO: [ template_filter ] --END-- [ RunTime:0.000000s ]
INFO: Run Behavior\ParseTemplateBehavior [ RunTime:0.037002s ]
INFO: [ view_parse ] --END-- [ RunTime:0.037002s ]
INFO: [ view_filter ] --START--
INFO: Run Behavior\WriteHtmlCacheBehavior [ RunTime:0.001001s ]
INFO: [ view_filter ] --END-- [ RunTime:0.001001s ]
INFO: [ app_end ] --START--
INFO: Run Behavior\ShowPageTraceBehavior [ RunTime:0.001000s ]
INFO: [ app_end ] --END-- [ RunTime:0.001000s ]

[ 2016-05-22T17:02:23+08:00 ] ::1 /3.29/index.php/admin/index/drag.html
INFO: [ app_init ] --START--
INFO: Run Behavior\BuildLiteBehavior [ RunTime:0.000000s ]
INFO: [ app_init ] --END-- [ RunTime:0.001001s ]
INFO: [ app_begin ] --START--
INFO: Run Behavior\ReadHtmlCacheBehavior [ RunTime:0.002000s ]
INFO: [ app_begin ] --END-- [ RunTime:0.002000s ]
INFO: [ view_parse ] --START--
INFO: [ template_filter ] --START--
INFO: Run Behavior\ContentReplaceBehavior [ RunTime:0.000000s ]
INFO: [ template_filter ] --END-- [ RunTime:0.000000s ]
INFO: Run Behavior\ParseTemplateBehavior [ RunTime:0.015001s ]
INFO: [ view_parse ] --END-- [ RunTime:0.016001s ]
INFO: [ view_filter ] --START--
INFO: Run Behavior\WriteHtmlCacheBehavior [ RunTime:0.001000s ]
INFO: [ view_filter ] --END-- [ RunTime:0.001000s ]
INFO: [ app_end ] --START--
INFO: Run Behavior\ShowPageTraceBehavior [ RunTime:0.002000s ]
INFO: [ app_end ] --END-- [ RunTime:0.002000s ]

[ 2016-05-22T17:02:23+08:00 ] ::1 /3.29/index.php/admin/index/top.html
INFO: [ app_init ] --START--
INFO: Run Behavior\BuildLiteBehavior [ RunTime:0.000000s ]
INFO: [ app_init ] --END-- [ RunTime:0.000000s ]
INFO: [ app_begin ] --START--
INFO: Run Behavior\ReadHtmlCacheBehavior [ RunTime:0.002000s ]
INFO: [ app_begin ] --END-- [ RunTime:0.002000s ]
INFO: [ view_parse ] --START--
INFO: [ template_filter ] --START--
INFO: Run Behavior\ContentReplaceBehavior [ RunTime:0.001000s ]
INFO: [ template_filter ] --END-- [ RunTime:0.009000s ]
INFO: Run Behavior\ParseTemplateBehavior [ RunTime:0.031002s ]
INFO: [ view_parse ] --END-- [ RunTime:0.031002s ]
INFO: [ view_filter ] --START--
INFO: Run Behavior\WriteHtmlCacheBehavior [ RunTime:0.001000s ]
INFO: [ view_filter ] --END-- [ RunTime:0.001000s ]
INFO: [ app_end ] --START--
INFO: Run Behavior\ShowPageTraceBehavior [ RunTime:0.001000s ]
INFO: [ app_end ] --END-- [ RunTime:0.001000s ]

[ 2016-05-22T17:02:23+08:00 ] ::1 /3.29/index.php/admin/index/main.html
INFO: [ app_init ] --START--
INFO: Run Behavior\BuildLiteBehavior [ RunTime:0.000000s ]
INFO: [ app_init ] --END-- [ RunTime:0.000000s ]
INFO: [ app_begin ] --START--
INFO: Run Behavior\ReadHtmlCacheBehavior [ RunTime:0.001000s ]
INFO: [ app_begin ] --END-- [ RunTime:0.001000s ]
INFO: [ view_parse ] --START--
INFO: [ template_filter ] --START--
INFO: Run Behavior\ContentReplaceBehavior [ RunTime:0.000000s ]
INFO: [ template_filter ] --END-- [ RunTime:0.001000s ]
INFO: Run Behavior\ParseTemplateBehavior [ RunTime:0.024001s ]
INFO: [ view_parse ] --END-- [ RunTime:0.024001s ]
INFO: [ view_filter ] --START--
INFO: Run Behavior\WriteHtmlCacheBehavior [ RunTime:0.001000s ]
INFO: [ view_filter ] --END-- [ RunTime:0.001000s ]
INFO: [ app_end ] --START--
INFO: Run Behavior\ShowPageTraceBehavior [ RunTime:0.001000s ]
INFO: [ app_end ] --END-- [ RunTime:0.001000s ]

[ 2016-05-22T17:02:25+08:00 ] ::1 /3.29/index.php/Admin/goods/goodslist.html
INFO: [ app_init ] --START--
INFO: Run Behavior\BuildLiteBehavior [ RunTime:0.000000s ]
INFO: [ app_init ] --END-- [ RunTime:0.001000s ]
INFO: [ app_begin ] --START--
INFO: Run Behavior\ReadHtmlCacheBehavior [ RunTime:0.001000s ]
INFO: [ app_begin ] --END-- [ RunTime:0.002001s ]
SQL: SHOW COLUMNS FROM `goods` [ RunTime:0.0050s ]
SQL: SELECT COUNT(*) AS tp_count FROM `goods` LIMIT 1   [ RunTime:0.0000s ]
ERR: 1054:Unknown column 'is_del' in 'where clause'
 [ SQL语句 ] : SELECT `goods_id`,`goods_name`,`goods_sn`,`shop_price`,`is_best`,`is_new`,`is_hot`,`goods_number` FROM `goods` WHERE ( is_del=0 ) ORDER BY goods_id desc LIMIT 0,2  
ERR: 1054:Unknown column 'is_del' in 'where clause'
 [ SQL语句 ] : SELECT `goods_id`,`goods_name`,`goods_sn`,`shop_price`,`is_best`,`is_new`,`is_hot`,`goods_number` FROM `goods` WHERE ( is_del=0 ) ORDER BY goods_id desc LIMIT 0,2  

[ 2016-05-22T17:04:08+08:00 ] ::1 /3.29/index.php/Admin/goods/goodslist.html
INFO: [ app_init ] --START--
INFO: Run Behavior\BuildLiteBehavior [ RunTime:0.000000s ]
INFO: [ app_init ] --END-- [ RunTime:0.001000s ]
INFO: [ app_begin ] --START--
INFO: Run Behavior\ReadHtmlCacheBehavior [ RunTime:0.001000s ]
INFO: [ app_begin ] --END-- [ RunTime:0.002000s ]
SQL: SHOW COLUMNS FROM `goods` [ RunTime:0.0040s ]
SQL: SELECT COUNT(*) AS tp_count FROM `goods` LIMIT 1   [ RunTime:0.0000s ]
SQL: SELECT `goods_id`,`goods_name`,`goods_sn`,`shop_price`,`is_best`,`is_new`,`is_hot`,`goods_number` FROM `goods` WHERE ( is_delete=0 ) ORDER BY goods_id desc LIMIT 0,2   [ RunTime:0.0010s ]
SQL: SHOW COLUMNS FROM `cat` [ RunTime:0.0040s ]
SQL: SELECT * FROM `cat`  [ RunTime:0.0010s ]
INFO: [ view_parse ] --START--
INFO: [ template_filter ] --START--
INFO: Run Behavior\ContentReplaceBehavior [ RunTime:0.000000s ]
INFO: [ template_filter ] --END-- [ RunTime:0.000000s ]
NOTIC: [8] Use of undefined constant goods_id - assumed 'goods_id' D:\xampp\htdocs\3.29\Runtime\Cache\Admin\68fbfd9a1f0104f3bba9a5e91757eaec.php 第 80 行.
NOTIC: [8] Use of undefined constant goods_id - assumed 'goods_id' D:\xampp\htdocs\3.29\Runtime\Cache\Admin\68fbfd9a1f0104f3bba9a5e91757eaec.php 第 82 行.
NOTIC: [8] Use of undefined constant goods_id - assumed 'goods_id' D:\xampp\htdocs\3.29\Runtime\Cache\Admin\68fbfd9a1f0104f3bba9a5e91757eaec.php 第 80 行.
NOTIC: [8] Use of undefined constant goods_id - assumed 'goods_id' D:\xampp\htdocs\3.29\Runtime\Cache\Admin\68fbfd9a1f0104f3bba9a5e91757eaec.php 第 82 行.
INFO: Run Behavior\ParseTemplateBehavior [ RunTime:0.060004s ]
INFO: [ view_parse ] --END-- [ RunTime:0.060004s ]
INFO: [ view_filter ] --START--
INFO: Run Behavior\WriteHtmlCacheBehavior [ RunTime:0.001000s ]
INFO: [ view_filter ] --END-- [ RunTime:0.001000s ]
INFO: [ app_end ] --START--
INFO: Run Behavior\ShowPageTraceBehavior [ RunTime:0.002000s ]
INFO: [ app_end ] --END-- [ RunTime:0.002000s ]

[ 2016-05-22T17:04:13+08:00 ] ::1 /3.29/index.php/Admin/Goods/goodslist/p/2.html
INFO: [ app_init ] --START--
INFO: Run Behavior\BuildLiteBehavior [ RunTime:0.000000s ]
INFO: [ app_init ] --END-- [ RunTime:0.001000s ]
INFO: [ app_begin ] --START--
INFO: Run Behavior\ReadHtmlCacheBehavior [ RunTime:0.001000s ]
INFO: [ app_begin ] --END-- [ RunTime:0.001000s ]
SQL: SHOW COLUMNS FROM `goods` [ RunTime:0.0050s ]
SQL: SELECT COUNT(*) AS tp_count FROM `goods` LIMIT 1   [ RunTime:0.0000s ]
SQL: SELECT `goods_id`,`goods_name`,`goods_sn`,`shop_price`,`is_best`,`is_new`,`is_hot`,`goods_number` FROM `goods` WHERE ( is_delete=0 ) ORDER BY goods_id desc LIMIT 2,2   [ RunTime:0.0020s ]
SQL: SHOW COLUMNS FROM `cat` [ RunTime:0.0040s ]
SQL: SELECT * FROM `cat`  [ RunTime:0.0010s ]
INFO: [ view_parse ] --START--
INFO: [ template_filter ] --START--
INFO: Run Behavior\ContentReplaceBehavior [ RunTime:0.000000s ]
INFO: [ template_filter ] --END-- [ RunTime:0.000000s ]
NOTIC: [8] Use of undefined constant goods_id - assumed 'goods_id' D:\xampp\htdocs\3.29\Runtime\Cache\Admin\68fbfd9a1f0104f3bba9a5e91757eaec.php 第 80 行.
NOTIC: [8] Use of undefined constant goods_id - assumed 'goods_id' D:\xampp\htdocs\3.29\Runtime\Cache\Admin\68fbfd9a1f0104f3bba9a5e91757eaec.php 第 82 行.
NOTIC: [8] Use of undefined constant goods_id - assumed 'goods_id' D:\xampp\htdocs\3.29\Runtime\Cache\Admin\68fbfd9a1f0104f3bba9a5e91757eaec.php 第 80 行.
NOTIC: [8] Use of undefined constant goods_id - assumed 'goods_id' D:\xampp\htdocs\3.29\Runtime\Cache\Admin\68fbfd9a1f0104f3bba9a5e91757eaec.php 第 82 行.
INFO: Run Behavior\ParseTemplateBehavior [ RunTime:0.017001s ]
INFO: [ view_parse ] --END-- [ RunTime:0.017001s ]
INFO: [ view_filter ] --START--
INFO: Run Behavior\WriteHtmlCacheBehavior [ RunTime:0.001000s ]
INFO: [ view_filter ] --END-- [ RunTime:0.001000s ]
INFO: [ app_end ] --START--
INFO: Run Behavior\ShowPageTraceBehavior [ RunTime:0.002000s ]
INFO: [ app_end ] --END-- [ RunTime:0.002000s ]

[ 2016-05-22T17:04:15+08:00 ] ::1 /3.29/index.php/Admin/Goods/goodslist/p/4.html
INFO: [ app_init ] --START--
INFO: Run Behavior\BuildLiteBehavior [ RunTime:0.000000s ]
INFO: [ app_init ] --END-- [ RunTime:0.001000s ]
INFO: [ app_begin ] --START--
INFO: Run Behavior\ReadHtmlCacheBehavior [ RunTime:0.001000s ]
INFO: [ app_begin ] --END-- [ RunTime:0.001000s ]
SQL: SHOW COLUMNS FROM `goods` [ RunTime:0.0040s ]
SQL: SELECT COUNT(*) AS tp_count FROM `goods` LIMIT 1   [ RunTime:0.0000s ]
SQL: SELECT `goods_id`,`goods_name`,`goods_sn`,`shop_price`,`is_best`,`is_new`,`is_hot`,`goods_number` FROM `goods` WHERE ( is_delete=0 ) ORDER BY goods_id desc LIMIT 6,2   [ RunTime:0.0010s ]
SQL: SHOW COLUMNS FROM `cat` [ RunTime:0.0040s ]
SQL: SELECT * FROM `cat`  [ RunTime:0.0010s ]
INFO: [ view_parse ] --START--
INFO: [ template_filter ] --START--
INFO: Run Behavior\ContentReplaceBehavior [ RunTime:0.001000s ]
INFO: [ template_filter ] --END-- [ RunTime:0.001000s ]
NOTIC: [8] Use of undefined constant goods_id - assumed 'goods_id' D:\xampp\htdocs\3.29\Runtime\Cache\Admin\68fbfd9a1f0104f3bba9a5e91757eaec.php 第 80 行.
NOTIC: [8] Use of undefined constant goods_id - assumed 'goods_id' D:\xampp\htdocs\3.29\Runtime\Cache\Admin\68fbfd9a1f0104f3bba9a5e91757eaec.php 第 82 行.
NOTIC: [8] Use of undefined constant goods_id - assumed 'goods_id' D:\xampp\htdocs\3.29\Runtime\Cache\Admin\68fbfd9a1f0104f3bba9a5e91757eaec.php 第 80 行.
NOTIC: [8] Use of undefined constant goods_id - assumed 'goods_id' D:\xampp\htdocs\3.29\Runtime\Cache\Admin\68fbfd9a1f0104f3bba9a5e91757eaec.php 第 82 行.
INFO: Run Behavior\ParseTemplateBehavior [ RunTime:0.019001s ]
INFO: [ view_parse ] --END-- [ RunTime:0.019001s ]
INFO: [ view_filter ] --START--
INFO: Run Behavior\WriteHtmlCacheBehavior [ RunTime:0.001000s ]
INFO: [ view_filter ] --END-- [ RunTime:0.001000s ]
INFO: [ app_end ] --START--
INFO: Run Behavior\ShowPageTraceBehavior [ RunTime:0.002000s ]
INFO: [ app_end ] --END-- [ RunTime:0.002000s ]

[ 2016-05-22T17:04:46+08:00 ] ::1 /3.29/index.php/Admin/goods/goodsadd.html
INFO: [ app_init ] --START--
INFO: Run Behavior\BuildLiteBehavior [ RunTime:0.000000s ]
INFO: [ app_init ] --END-- [ RunTime:0.000000s ]
INFO: [ app_begin ] --START--
INFO: Run Behavior\ReadHtmlCacheBehavior [ RunTime:0.001000s ]
INFO: [ app_begin ] --END-- [ RunTime:0.001000s ]
SQL: SHOW COLUMNS FROM `goods` [ RunTime:0.0070s ]
SQL: SHOW COLUMNS FROM `cat` [ RunTime:0.0030s ]
SQL: SELECT * FROM `cat`  [ RunTime:0.0010s ]
INFO: [ view_parse ] --START--
INFO: [ template_filter ] --START--
INFO: Run Behavior\ContentReplaceBehavior [ RunTime:0.000000s ]
INFO: [ template_filter ] --END-- [ RunTime:0.002000s ]
INFO: Run Behavior\ParseTemplateBehavior [ RunTime:0.017001s ]
INFO: [ view_parse ] --END-- [ RunTime:0.017001s ]
INFO: [ view_filter ] --START--
INFO: Run Behavior\WriteHtmlCacheBehavior [ RunTime:0.001000s ]
INFO: [ view_filter ] --END-- [ RunTime:0.001000s ]
INFO: [ app_end ] --START--
INFO: Run Behavior\ShowPageTraceBehavior [ RunTime:0.001001s ]
INFO: [ app_end ] --END-- [ RunTime:0.001001s ]

[ 2016-05-22T17:05:41+08:00 ] ::1 /3.29/index.php/Admin/goods/goodsadd.html
INFO: [ app_init ] --START--
INFO: Run Behavior\BuildLiteBehavior [ RunTime:0.000000s ]
INFO: [ app_init ] --END-- [ RunTime:0.001000s ]
INFO: [ app_begin ] --START--
INFO: Run Behavior\ReadHtmlCacheBehavior [ RunTime:0.001000s ]
INFO: [ app_begin ] --END-- [ RunTime:0.001000s ]
SQL: SHOW COLUMNS FROM `goods` [ RunTime:0.0190s ]
NOTIC: [8] Undefined index: validate D:\xampp\htdocs\3.29\ThinkPHP\Library\Think\Model.class.php 第 1185 行.
INFO: [ app_end ] --START--
INFO: Run Behavior\ShowPageTraceBehavior [ RunTime:0.001000s ]
INFO: [ app_end ] --END-- [ RunTime:0.001000s ]

[ 2016-05-22T17:05:44+08:00 ] ::1 /3.29/index.php/Admin/goods/goodsadd.html
INFO: [ app_init ] --START--
INFO: Run Behavior\BuildLiteBehavior [ RunTime:0.000000s ]
INFO: [ app_init ] --END-- [ RunTime:0.000000s ]
INFO: [ app_begin ] --START--
INFO: Run Behavior\ReadHtmlCacheBehavior [ RunTime:0.001000s ]
INFO: [ app_begin ] --END-- [ RunTime:0.001000s ]
SQL: SHOW COLUMNS FROM `goods` [ RunTime:0.0040s ]
SQL: SHOW COLUMNS FROM `cat` [ RunTime:0.0040s ]
SQL: SELECT * FROM `cat`  [ RunTime:0.0010s ]
INFO: [ view_parse ] --START--
INFO: [ template_filter ] --START--
INFO: Run Behavior\ContentReplaceBehavior [ RunTime:0.000000s ]
INFO: [ template_filter ] --END-- [ RunTime:0.000000s ]
INFO: Run Behavior\ParseTemplateBehavior [ RunTime:0.016001s ]
INFO: [ view_parse ] --END-- [ RunTime:0.016001s ]
INFO: [ view_filter ] --START--
INFO: Run Behavior\WriteHtmlCacheBehavior [ RunTime:0.001000s ]
INFO: [ view_filter ] --END-- [ RunTime:0.001000s ]
INFO: [ app_end ] --START--
INFO: Run Behavior\ShowPageTraceBehavior [ RunTime:0.001000s ]
INFO: [ app_end ] --END-- [ RunTime:0.001000s ]

[ 2016-05-22T17:05:48+08:00 ] ::1 /3.29/index.php/Admin/goods/goodsadd.html
INFO: [ app_init ] --START--
INFO: Run Behavior\BuildLiteBehavior [ RunTime:0.000000s ]
INFO: [ app_init ] --END-- [ RunTime:0.001000s ]
INFO: [ app_begin ] --START--
INFO: Run Behavior\ReadHtmlCacheBehavior [ RunTime:0.001001s ]
INFO: [ app_begin ] --END-- [ RunTime:0.001001s ]
SQL: SHOW COLUMNS FROM `goods` [ RunTime:0.0050s ]
NOTIC: [8] Undefined index: validate D:\xampp\htdocs\3.29\ThinkPHP\Library\Think\Model.class.php 第 1185 行.
SQL: SHOW COLUMNS FROM `cat` [ RunTime:0.0050s ]
SQL: SELECT * FROM `cat`  [ RunTime:0.0010s ]
SQL: SELECT * FROM `cat` WHERE `cat_id` = 16 LIMIT 1   [ RunTime:0.0010s ]
SQL: SELECT * FROM `goods` WHERE `goods_sn` = '' LIMIT 1   [ RunTime:0.0010s ]
NOTIC: [8] Undefined index: auto D:\xampp\htdocs\3.29\ThinkPHP\Library\Think\Model.class.php 第 1128 行.
NOTIC: [2] call_user_func() expects parameter 1 to be a valid callback, no array or string given D:\xampp\htdocs\3.29\ThinkPHP\Library\Think\Upload.class.php 第 170 行.
NOTIC: [8] Undefined variable: x D:\xampp\htdocs\3.29\ThinkPHP\Library\Think\Image\Driver\Gd.class.php 第 270 行.
NOTIC: [8] Undefined variable: y D:\xampp\htdocs\3.29\ThinkPHP\Library\Think\Image\Driver\Gd.class.php 第 270 行.
NOTIC: [8] Undefined variable: x D:\xampp\htdocs\3.29\ThinkPHP\Library\Think\Image\Driver\Gd.class.php 第 270 行.
NOTIC: [8] Undefined variable: y D:\xampp\htdocs\3.29\ThinkPHP\Library\Think\Image\Driver\Gd.class.php 第 270 行.
SQL: INSERT INTO `goods` (`goods_name`,`goods_sn`,`cat_id`,`shop_price`,`goods_desc`,`goods_weight`,`goods_number`,`is_on_sale`,`goods_brief`,`goods_id`,`add_time`,`ori_img`,`goods_img`,`thumb_img`) VALUES ('testsss','','16','0','','','1','1','','0','1463907948','images/2016-05-22/5741766c859a7.jpg','images/2016-05-22/5741766c859a7.jpgx230.jpg','images/2016-05-22/5741766c859a7.jpgx100.jpg') [ RunTime:0.1090s ]
INFO: [ view_parse ] --START--
INFO: [ template_filter ] --START--
INFO: Run Behavior\ContentReplaceBehavior [ RunTime:0.000000s ]
INFO: [ template_filter ] --END-- [ RunTime:0.001000s ]
INFO: Run Behavior\ParseTemplateBehavior [ RunTime:0.022001s ]
INFO: [ view_parse ] --END-- [ RunTime:0.022001s ]
INFO: [ view_filter ] --START--
INFO: Run Behavior\WriteHtmlCacheBehavior [ RunTime:0.000000s ]
INFO: [ view_filter ] --END-- [ RunTime:0.001000s ]
INFO: [ app_end ] --START--
INFO: Run Behavior\ShowPageTraceBehavior [ RunTime:0.001000s ]
INFO: [ app_end ] --END-- [ RunTime:0.001000s ]

[ 2016-05-22T17:05:51+08:00 ] ::1 /3.29/index.php/Admin/goods/goodslist
INFO: [ app_init ] --START--
INFO: Run Behavior\BuildLiteBehavior [ RunTime:0.000000s ]
INFO: [ app_init ] --END-- [ RunTime:0.001000s ]
INFO: [ app_begin ] --START--
INFO: Run Behavior\ReadHtmlCacheBehavior [ RunTime:0.001000s ]
INFO: [ app_begin ] --END-- [ RunTime:0.001000s ]
SQL: SHOW COLUMNS FROM `goods` [ RunTime:0.0040s ]
SQL: SELECT COUNT(*) AS tp_count FROM `goods` LIMIT 1   [ RunTime:0.0010s ]
SQL: SELECT `goods_id`,`goods_name`,`goods_sn`,`shop_price`,`is_best`,`is_new`,`is_hot`,`goods_number` FROM `goods` WHERE ( is_delete=0 ) ORDER BY goods_id desc LIMIT 0,2   [ RunTime:0.0010s ]
SQL: SHOW COLUMNS FROM `cat` [ RunTime:0.0060s ]
SQL: SELECT * FROM `cat`  [ RunTime:0.0010s ]
INFO: [ view_parse ] --START--
INFO: [ template_filter ] --START--
INFO: Run Behavior\ContentReplaceBehavior [ RunTime:0.001000s ]
INFO: [ template_filter ] --END-- [ RunTime:0.001000s ]
NOTIC: [8] Use of undefined constant goods_id - assumed 'goods_id' D:\xampp\htdocs\3.29\Runtime\Cache\Admin\68fbfd9a1f0104f3bba9a5e91757eaec.php 第 80 行.
NOTIC: [8] Use of undefined constant goods_id - assumed 'goods_id' D:\xampp\htdocs\3.29\Runtime\Cache\Admin\68fbfd9a1f0104f3bba9a5e91757eaec.php 第 82 行.
NOTIC: [8] Use of undefined constant goods_id - assumed 'goods_id' D:\xampp\htdocs\3.29\Runtime\Cache\Admin\68fbfd9a1f0104f3bba9a5e91757eaec.php 第 80 行.
NOTIC: [8] Use of undefined constant goods_id - assumed 'goods_id' D:\xampp\htdocs\3.29\Runtime\Cache\Admin\68fbfd9a1f0104f3bba9a5e91757eaec.php 第 82 行.
INFO: Run Behavior\ParseTemplateBehavior [ RunTime:0.018001s ]
INFO: [ view_parse ] --END-- [ RunTime:0.018001s ]
INFO: [ view_filter ] --START--
INFO: Run Behavior\WriteHtmlCacheBehavior [ RunTime:0.002000s ]
INFO: [ view_filter ] --END-- [ RunTime:0.002000s ]
INFO: [ app_end ] --START--
INFO: Run Behavior\ShowPageTraceBehavior [ RunTime:0.001001s ]
INFO: [ app_end ] --END-- [ RunTime:0.001001s ]

